<?xml version="1.0" encoding="UTF-8"?>
<testsuite name="ca.waterloo.dsg.graphflow.query.executors.csp.ContinuousUndirWeightedShortestPathPositiveEdgesExecutorTest" tests="2" skipped="0" failures="2" errors="0" timestamp="2021-01-24T17:19:37" hostname="C02CT35GML85" time="0.005">
  <properties/>
  <testcase name="testContinuousShortestPathsNewCyclicMixed" classname="ca.waterloo.dsg.graphflow.query.executors.csp.ContinuousUndirWeightedShortestPathPositiveEdgesExecutorTest" time="0.003">
    <failure message="java.lang.IndexOutOfBoundsException: Index 0 out of bounds for length 0" type="java.lang.IndexOutOfBoundsException">java.lang.IndexOutOfBoundsException: Index 0 out of bounds for length 0
	at java.base/jdk.internal.util.Preconditions.outOfBounds(Preconditions.java:64)
	at java.base/jdk.internal.util.Preconditions.outOfBoundsCheckIndex(Preconditions.java:70)
	at java.base/jdk.internal.util.Preconditions.checkIndex(Preconditions.java:248)
	at java.base/java.util.Objects.checkIndex(Objects.java:372)
	at java.base/java.util.ArrayList.get(ArrayList.java:459)
	at ca.waterloo.dsg.graphflow.query.executors.csp.MultiQueryDiff.getDiffs(MultiQueryDiff.java:84)
	at ca.waterloo.dsg.graphflow.query.executors.csp.Distances.getMergedDiffs(Distances.java:465)
	at ca.waterloo.dsg.graphflow.query.executors.csp.Distances.setVertexDistance(Distances.java:504)
	at ca.waterloo.dsg.graphflow.query.executors.csp.Distances.&lt;init&gt;(Distances.java:233)
	at ca.waterloo.dsg.graphflow.query.executors.csp.NewUnidirectionalDifferentialBFS.initFrontierAndSourceDistance(NewUnidirectionalDifferentialBFS.java:103)
	at ca.waterloo.dsg.graphflow.query.executors.csp.NewUnidirectionalDifferentialBFS.&lt;init&gt;(NewUnidirectionalDifferentialBFS.java:56)
	at ca.waterloo.dsg.graphflow.query.executors.csp.NewUnidirectionalWeightedDifferentialBFS.&lt;init&gt;(NewUnidirectionalWeightedDifferentialBFS.java:27)
	at ca.waterloo.dsg.graphflow.query.executors.csp.NewWeightedDifferentialBFSWithPositiveEdges.&lt;init&gt;(NewWeightedDifferentialBFSWithPositiveEdges.java:15)
	at ca.waterloo.dsg.graphflow.query.plans.ContinuousDiffBFSShortestPathPlan.setDiffBFS(ContinuousDiffBFSShortestPathPlan.java:135)
	at ca.waterloo.dsg.graphflow.query.plans.ContinuousDiffBFSShortestPathPlan.&lt;init&gt;(ContinuousDiffBFSShortestPathPlan.java:45)
	at ca.waterloo.dsg.graphflow.query.planner.ContinuousShortestPathPlanner.plan(ContinuousShortestPathPlanner.java:65)
	at ca.waterloo.dsg.graphflow.query.executors.csp.BaseContinuousShortestPathExecutorTest.registerContinuousSPPlan(BaseContinuousShortestPathExecutorTest.java:43)
	at ca.waterloo.dsg.graphflow.query.executors.csp.ContinuousUndirWeightedShortestPathPositiveEdgesExecutorTest.registerContinuousSPPlan(ContinuousUndirWeightedShortestPathPositiveEdgesExecutorTest.java:105)
	at ca.waterloo.dsg.graphflow.query.executors.csp.ContinuousUndirWeightedShortestPathPositiveEdgesExecutorTest.constructSampleGraphAndRegisterContSPQuery(ContinuousUndirWeightedShortestPathPositiveEdgesExecutorTest.java:99)
	at ca.waterloo.dsg.graphflow.query.executors.csp.ContinuousUndirWeightedShortestPathPositiveEdgesExecutorTest.testContinuousShortestPathsNewCyclicMixed(ContinuousUndirWeightedShortestPathPositiveEdgesExecutorTest.java:33)
	at java.base/jdk.internal.reflect.NativeMethodAccessorImpl.invoke0(Native Method)
	at java.base/jdk.internal.reflect.NativeMethodAccessorImpl.invoke(NativeMethodAccessorImpl.java:62)
	at java.base/jdk.internal.reflect.DelegatingMethodAccessorImpl.invoke(DelegatingMethodAccessorImpl.java:43)
	at java.base/java.lang.reflect.Method.invoke(Method.java:566)
	at org.junit.runners.model.FrameworkMethod$1.runReflectiveCall(FrameworkMethod.java:50)
	at org.junit.internal.runners.model.ReflectiveCallable.run(ReflectiveCallable.java:12)
	at org.junit.runners.model.FrameworkMethod.invokeExplosively(FrameworkMethod.java:47)
	at org.junit.internal.runners.statements.InvokeMethod.evaluate(InvokeMethod.java:17)
	at org.junit.internal.runners.statements.RunBefores.evaluate(RunBefores.java:26)
	at org.junit.internal.runners.statements.RunAfters.evaluate(RunAfters.java:27)
	at org.junit.rules.ExternalResource$1.evaluate(ExternalResource.java:48)
	at org.junit.rules.RunRules.evaluate(RunRules.java:20)
	at org.junit.runners.ParentRunner.runLeaf(ParentRunner.java:325)
	at org.junit.runners.BlockJUnit4ClassRunner.runChild(BlockJUnit4ClassRunner.java:78)
	at org.junit.runners.BlockJUnit4ClassRunner.runChild(BlockJUnit4ClassRunner.java:57)
	at org.junit.runners.ParentRunner$3.run(ParentRunner.java:290)
	at org.junit.runners.ParentRunner$1.schedule(ParentRunner.java:71)
	at org.junit.runners.ParentRunner.runChildren(ParentRunner.java:288)
	at org.junit.runners.ParentRunner.access$000(ParentRunner.java:58)
	at org.junit.runners.ParentRunner$2.evaluate(ParentRunner.java:268)
	at org.junit.runners.ParentRunner.run(ParentRunner.java:363)
	at org.gradle.api.internal.tasks.testing.junit.JUnitTestClassExecutor.runTestClass(JUnitTestClassExecutor.java:110)
	at org.gradle.api.internal.tasks.testing.junit.JUnitTestClassExecutor.execute(JUnitTestClassExecutor.java:58)
	at org.gradle.api.internal.tasks.testing.junit.JUnitTestClassExecutor.execute(JUnitTestClassExecutor.java:38)
	at org.gradle.api.internal.tasks.testing.junit.AbstractJUnitTestClassProcessor.processTestClass(AbstractJUnitTestClassProcessor.java:62)
	at org.gradle.api.internal.tasks.testing.SuiteTestClassProcessor.processTestClass(SuiteTestClassProcessor.java:51)
	at java.base/jdk.internal.reflect.NativeMethodAccessorImpl.invoke0(Native Method)
	at java.base/jdk.internal.reflect.NativeMethodAccessorImpl.invoke(NativeMethodAccessorImpl.java:62)
	at java.base/jdk.internal.reflect.DelegatingMethodAccessorImpl.invoke(DelegatingMethodAccessorImpl.java:43)
	at java.base/java.lang.reflect.Method.invoke(Method.java:566)
	at org.gradle.internal.dispatch.ReflectionDispatch.dispatch(ReflectionDispatch.java:36)
	at org.gradle.internal.dispatch.ReflectionDispatch.dispatch(ReflectionDispatch.java:24)
	at org.gradle.internal.dispatch.ContextClassLoaderDispatch.dispatch(ContextClassLoaderDispatch.java:33)
	at org.gradle.internal.dispatch.ProxyDispatchAdapter$DispatchingInvocationHandler.invoke(ProxyDispatchAdapter.java:94)
	at com.sun.proxy.$Proxy2.processTestClass(Unknown Source)
	at org.gradle.api.internal.tasks.testing.worker.TestWorker.processTestClass(TestWorker.java:119)
	at java.base/jdk.internal.reflect.NativeMethodAccessorImpl.invoke0(Native Method)
	at java.base/jdk.internal.reflect.NativeMethodAccessorImpl.invoke(NativeMethodAccessorImpl.java:62)
	at java.base/jdk.internal.reflect.DelegatingMethodAccessorImpl.invoke(DelegatingMethodAccessorImpl.java:43)
	at java.base/java.lang.reflect.Method.invoke(Method.java:566)
	at org.gradle.internal.dispatch.ReflectionDispatch.dispatch(ReflectionDispatch.java:36)
	at org.gradle.internal.dispatch.ReflectionDispatch.dispatch(ReflectionDispatch.java:24)
	at org.gradle.internal.remote.internal.hub.MessageHubBackedObjectConnection$DispatchWrapper.dispatch(MessageHubBackedObjectConnection.java:182)
	at org.gradle.internal.remote.internal.hub.MessageHubBackedObjectConnection$DispatchWrapper.dispatch(MessageHubBackedObjectConnection.java:164)
	at org.gradle.internal.remote.internal.hub.MessageHub$Handler.run(MessageHub.java:414)
	at org.gradle.internal.concurrent.ExecutorPolicy$CatchAndRecordFailures.onExecute(ExecutorPolicy.java:64)
	at org.gradle.internal.concurrent.ManagedExecutorImpl$1.run(ManagedExecutorImpl.java:48)
	at java.base/java.util.concurrent.ThreadPoolExecutor.runWorker(ThreadPoolExecutor.java:1128)
	at java.base/java.util.concurrent.ThreadPoolExecutor$Worker.run(ThreadPoolExecutor.java:628)
	at org.gradle.internal.concurrent.ThreadFactoryImpl$ManagedThreadRunnable.run(ThreadFactoryImpl.java:56)
	at java.base/java.lang.Thread.run(Thread.java:834)
</failure>
  </testcase>
  <testcase name="testContinuousShortestPathsPositiveBasic" classname="ca.waterloo.dsg.graphflow.query.executors.csp.ContinuousUndirWeightedShortestPathPositiveEdgesExecutorTest" time="0.002">
    <failure message="java.lang.IndexOutOfBoundsException: Index 0 out of bounds for length 0" type="java.lang.IndexOutOfBoundsException">java.lang.IndexOutOfBoundsException: Index 0 out of bounds for length 0
	at java.base/jdk.internal.util.Preconditions.outOfBounds(Preconditions.java:64)
	at java.base/jdk.internal.util.Preconditions.outOfBoundsCheckIndex(Preconditions.java:70)
	at java.base/jdk.internal.util.Preconditions.checkIndex(Preconditions.java:248)
	at java.base/java.util.Objects.checkIndex(Objects.java:372)
	at java.base/java.util.ArrayList.get(ArrayList.java:459)
	at ca.waterloo.dsg.graphflow.query.executors.csp.MultiQueryDiff.getDiffs(MultiQueryDiff.java:84)
	at ca.waterloo.dsg.graphflow.query.executors.csp.Distances.getMergedDiffs(Distances.java:465)
	at ca.waterloo.dsg.graphflow.query.executors.csp.Distances.setVertexDistance(Distances.java:504)
	at ca.waterloo.dsg.graphflow.query.executors.csp.Distances.&lt;init&gt;(Distances.java:233)
	at ca.waterloo.dsg.graphflow.query.executors.csp.NewUnidirectionalDifferentialBFS.initFrontierAndSourceDistance(NewUnidirectionalDifferentialBFS.java:103)
	at ca.waterloo.dsg.graphflow.query.executors.csp.NewUnidirectionalDifferentialBFS.&lt;init&gt;(NewUnidirectionalDifferentialBFS.java:56)
	at ca.waterloo.dsg.graphflow.query.executors.csp.NewUnidirectionalWeightedDifferentialBFS.&lt;init&gt;(NewUnidirectionalWeightedDifferentialBFS.java:27)
	at ca.waterloo.dsg.graphflow.query.executors.csp.NewWeightedDifferentialBFSWithPositiveEdges.&lt;init&gt;(NewWeightedDifferentialBFSWithPositiveEdges.java:15)
	at ca.waterloo.dsg.graphflow.query.plans.ContinuousDiffBFSShortestPathPlan.setDiffBFS(ContinuousDiffBFSShortestPathPlan.java:135)
	at ca.waterloo.dsg.graphflow.query.plans.ContinuousDiffBFSShortestPathPlan.&lt;init&gt;(ContinuousDiffBFSShortestPathPlan.java:45)
	at ca.waterloo.dsg.graphflow.query.planner.ContinuousShortestPathPlanner.plan(ContinuousShortestPathPlanner.java:65)
	at ca.waterloo.dsg.graphflow.query.executors.csp.BaseContinuousShortestPathExecutorTest.registerContinuousSPPlan(BaseContinuousShortestPathExecutorTest.java:43)
	at ca.waterloo.dsg.graphflow.query.executors.csp.ContinuousUndirWeightedShortestPathPositiveEdgesExecutorTest.registerContinuousSPPlan(ContinuousUndirWeightedShortestPathPositiveEdgesExecutorTest.java:105)
	at ca.waterloo.dsg.graphflow.query.executors.csp.ContinuousUndirWeightedShortestPathPositiveEdgesExecutorTest.testContinuousShortestPathsPositiveBasic(ContinuousUndirWeightedShortestPathPositiveEdgesExecutorTest.java:64)
	at java.base/jdk.internal.reflect.NativeMethodAccessorImpl.invoke0(Native Method)
	at java.base/jdk.internal.reflect.NativeMethodAccessorImpl.invoke(NativeMethodAccessorImpl.java:62)
	at java.base/jdk.internal.reflect.DelegatingMethodAccessorImpl.invoke(DelegatingMethodAccessorImpl.java:43)
	at java.base/java.lang.reflect.Method.invoke(Method.java:566)
	at org.junit.runners.model.FrameworkMethod$1.runReflectiveCall(FrameworkMethod.java:50)
	at org.junit.internal.runners.model.ReflectiveCallable.run(ReflectiveCallable.java:12)
	at org.junit.runners.model.FrameworkMethod.invokeExplosively(FrameworkMethod.java:47)
	at org.junit.internal.runners.statements.InvokeMethod.evaluate(InvokeMethod.java:17)
	at org.junit.internal.runners.statements.RunBefores.evaluate(RunBefores.java:26)
	at org.junit.internal.runners.statements.RunAfters.evaluate(RunAfters.java:27)
	at org.junit.rules.ExternalResource$1.evaluate(ExternalResource.java:48)
	at org.junit.rules.RunRules.evaluate(RunRules.java:20)
	at org.junit.runners.ParentRunner.runLeaf(ParentRunner.java:325)
	at org.junit.runners.BlockJUnit4ClassRunner.runChild(BlockJUnit4ClassRunner.java:78)
	at org.junit.runners.BlockJUnit4ClassRunner.runChild(BlockJUnit4ClassRunner.java:57)
	at org.junit.runners.ParentRunner$3.run(ParentRunner.java:290)
	at org.junit.runners.ParentRunner$1.schedule(ParentRunner.java:71)
	at org.junit.runners.ParentRunner.runChildren(ParentRunner.java:288)
	at org.junit.runners.ParentRunner.access$000(ParentRunner.java:58)
	at org.junit.runners.ParentRunner$2.evaluate(ParentRunner.java:268)
	at org.junit.runners.ParentRunner.run(ParentRunner.java:363)
	at org.gradle.api.internal.tasks.testing.junit.JUnitTestClassExecutor.runTestClass(JUnitTestClassExecutor.java:110)
	at org.gradle.api.internal.tasks.testing.junit.JUnitTestClassExecutor.execute(JUnitTestClassExecutor.java:58)
	at org.gradle.api.internal.tasks.testing.junit.JUnitTestClassExecutor.execute(JUnitTestClassExecutor.java:38)
	at org.gradle.api.internal.tasks.testing.junit.AbstractJUnitTestClassProcessor.processTestClass(AbstractJUnitTestClassProcessor.java:62)
	at org.gradle.api.internal.tasks.testing.SuiteTestClassProcessor.processTestClass(SuiteTestClassProcessor.java:51)
	at java.base/jdk.internal.reflect.NativeMethodAccessorImpl.invoke0(Native Method)
	at java.base/jdk.internal.reflect.NativeMethodAccessorImpl.invoke(NativeMethodAccessorImpl.java:62)
	at java.base/jdk.internal.reflect.DelegatingMethodAccessorImpl.invoke(DelegatingMethodAccessorImpl.java:43)
	at java.base/java.lang.reflect.Method.invoke(Method.java:566)
	at org.gradle.internal.dispatch.ReflectionDispatch.dispatch(ReflectionDispatch.java:36)
	at org.gradle.internal.dispatch.ReflectionDispatch.dispatch(ReflectionDispatch.java:24)
	at org.gradle.internal.dispatch.ContextClassLoaderDispatch.dispatch(ContextClassLoaderDispatch.java:33)
	at org.gradle.internal.dispatch.ProxyDispatchAdapter$DispatchingInvocationHandler.invoke(ProxyDispatchAdapter.java:94)
	at com.sun.proxy.$Proxy2.processTestClass(Unknown Source)
	at org.gradle.api.internal.tasks.testing.worker.TestWorker.processTestClass(TestWorker.java:119)
	at java.base/jdk.internal.reflect.NativeMethodAccessorImpl.invoke0(Native Method)
	at java.base/jdk.internal.reflect.NativeMethodAccessorImpl.invoke(NativeMethodAccessorImpl.java:62)
	at java.base/jdk.internal.reflect.DelegatingMethodAccessorImpl.invoke(DelegatingMethodAccessorImpl.java:43)
	at java.base/java.lang.reflect.Method.invoke(Method.java:566)
	at org.gradle.internal.dispatch.ReflectionDispatch.dispatch(ReflectionDispatch.java:36)
	at org.gradle.internal.dispatch.ReflectionDispatch.dispatch(ReflectionDispatch.java:24)
	at org.gradle.internal.remote.internal.hub.MessageHubBackedObjectConnection$DispatchWrapper.dispatch(MessageHubBackedObjectConnection.java:182)
	at org.gradle.internal.remote.internal.hub.MessageHubBackedObjectConnection$DispatchWrapper.dispatch(MessageHubBackedObjectConnection.java:164)
	at org.gradle.internal.remote.internal.hub.MessageHub$Handler.run(MessageHub.java:414)
	at org.gradle.internal.concurrent.ExecutorPolicy$CatchAndRecordFailures.onExecute(ExecutorPolicy.java:64)
	at org.gradle.internal.concurrent.ManagedExecutorImpl$1.run(ManagedExecutorImpl.java:48)
	at java.base/java.util.concurrent.ThreadPoolExecutor.runWorker(ThreadPoolExecutor.java:1128)
	at java.base/java.util.concurrent.ThreadPoolExecutor$Worker.run(ThreadPoolExecutor.java:628)
	at org.gradle.internal.concurrent.ThreadFactoryImpl$ManagedThreadRunnable.run(ThreadFactoryImpl.java:56)
	at java.base/java.lang.Thread.run(Thread.java:834)
</failure>
  </testcase>
  <system-out><![CDATA[Create query: 
CREATE (1:Person)-[:FOLLOWS WGHT:4.0]->(4:Person), (2:Person)-[:FOLLOWS WGHT:3.0]->(1:Person), (2:Person)-[:FOLLOWS WGHT:4.5]->(7:Person), (3:Person)-[:FOLLOWS WGHT:7.0]->(1:Person), (4:Person)-[:FOLLOWS WGHT:2.0]->(5:Person), (4:Person)-[:FOLLOWS WGHT:6.0]->(2:Person), (5:Person)-[:FOLLOWS WGHT:5.5]->(6:Person), (5:Person)-[:FOLLOWS WGHT:2.5]->(2:Person), (5:Person)-[:FOLLOWS WGHT:3.0]->(3:Person), (6:Person)-[:FOLLOWS WGHT:1.0]->(5:Person), (6:Person)-[:FOLLOWS WGHT:3.0]->(7:Person), (7:Person)-[:FOLLOWS WGHT:10.0]->(4:Person), (7:Person)-[:FOLLOWS WGHT:2.0]->(3:Person);
Create query: 
CREATE (1:Person)-[:FOLLOWS WGHT:5.0]->(2:Person), (2:Person)-[:FOLLOWS WGHT:3.0]->(3:Person), (3:Person)-[:FOLLOWS WGHT:4.5]->(4:Person);
]]></system-out>
  <system-err><![CDATA[]]></system-err>
</testsuite>
