<?xml version="1.0" encoding="UTF-8"?>
<testsuite name="ca.waterloo.dsg.graphflow.util.ShortArrayListTest" tests="3" skipped="0" failures="0" errors="0" timestamp="2021-11-27T19:59:08" hostname="Khaleds-MacBook-Pro.local" time="0.0">
  <properties/>
  <testcase name="testSetIndexLessThanCapacity" classname="ca.waterloo.dsg.graphflow.util.ShortArrayListTest" time="0.0"/>
  <testcase name="testAdd" classname="ca.waterloo.dsg.graphflow.util.ShortArrayListTest" time="0.0"/>
  <testcase name="testSetIndexMoreThanCapacity" classname="ca.waterloo.dsg.graphflow.util.ShortArrayListTest" time="0.0"/>
  <system-out><![CDATA[]]></system-out>
  <system-err><![CDATA[]]></system-err>
</testsuite>
