<?xml version="1.0" encoding="UTF-8"?>
<testsuite name="ca.waterloo.dsg.graphflow.query.executors.csp.QueriesTest" tests="1" skipped="0" failures="0" errors="0" timestamp="2021-11-27T19:59:10" hostname="Khaleds-MacBook-Pro.local" time="0.319">
  <properties/>
  <testcase name="testQueries" classname="ca.waterloo.dsg.graphflow.query.executors.csp.QueriesTest" time="0.319"/>
  <system-out><![CDATA[50000
50000
50000
50000
50000
50000
50000
50000
]]></system-out>
  <system-err><![CDATA[]]></system-err>
</testsuite>
