<?xml version="1.0" encoding="UTF-8"?>
<testsuite name="ca.waterloo.dsg.graphflow.query.operator.FileOutputSinkTest" tests="1" skipped="0" failures="0" errors="0" timestamp="2021-11-27T19:59:10" hostname="Khaleds-MacBook-Pro.local" time="0.002">
  <properties/>
  <testcase name="testAppend" classname="ca.waterloo.dsg.graphflow.query.operator.FileOutputSinkTest" time="0.002"/>
  <system-out><![CDATA[]]></system-out>
  <system-err><![CDATA[]]></system-err>
</testsuite>
