<?xml version="1.0" encoding="UTF-8"?>
<testsuite name="ca.waterloo.dsg.graphflow.query.executors.csp.ContinuousUnidirUnweightedShortestPathExecutorTest" tests="13" skipped="0" failures="13" errors="0" timestamp="2021-01-24T17:19:37" hostname="C02CT35GML85" time="0.04">
  <properties/>
  <testcase name="testMinDistFrontierIsSetCorrectly" classname="ca.waterloo.dsg.graphflow.query.executors.csp.ContinuousUnidirUnweightedShortestPathExecutorTest" time="0.005">
    <failure message="java.lang.IndexOutOfBoundsException: Index 0 out of bounds for length 0" type="java.lang.IndexOutOfBoundsException">java.lang.IndexOutOfBoundsException: Index 0 out of bounds for length 0
	at java.base/jdk.internal.util.Preconditions.outOfBounds(Preconditions.java:64)
	at java.base/jdk.internal.util.Preconditions.outOfBoundsCheckIndex(Preconditions.java:70)
	at java.base/jdk.internal.util.Preconditions.checkIndex(Preconditions.java:248)
	at java.base/java.util.Objects.checkIndex(Objects.java:372)
	at java.base/java.util.ArrayList.get(ArrayList.java:459)
	at ca.waterloo.dsg.graphflow.query.executors.csp.MultiQueryDiff.getDiffs(MultiQueryDiff.java:84)
	at ca.waterloo.dsg.graphflow.query.executors.csp.Distances.getMergedDiffs(Distances.java:465)
	at ca.waterloo.dsg.graphflow.query.executors.csp.Distances.setVertexDistance(Distances.java:504)
	at ca.waterloo.dsg.graphflow.query.executors.csp.Distances.&lt;init&gt;(Distances.java:233)
	at ca.waterloo.dsg.graphflow.query.executors.csp.NewUnidirectionalDifferentialBFS.initFrontierAndSourceDistance(NewUnidirectionalDifferentialBFS.java:103)
	at ca.waterloo.dsg.graphflow.query.executors.csp.NewUnidirectionalDifferentialBFS.&lt;init&gt;(NewUnidirectionalDifferentialBFS.java:56)
	at ca.waterloo.dsg.graphflow.query.executors.csp.NewUnidirectionalUnweightedDifferentialBFS.&lt;init&gt;(NewUnidirectionalUnweightedDifferentialBFS.java:23)
	at ca.waterloo.dsg.graphflow.query.plans.ContinuousDiffBFSShortestPathPlan.setDiffBFS(ContinuousDiffBFSShortestPathPlan.java:66)
	at ca.waterloo.dsg.graphflow.query.plans.ContinuousDiffBFSShortestPathPlan.&lt;init&gt;(ContinuousDiffBFSShortestPathPlan.java:45)
	at ca.waterloo.dsg.graphflow.query.planner.ContinuousShortestPathPlanner.plan(ContinuousShortestPathPlanner.java:65)
	at ca.waterloo.dsg.graphflow.query.executors.csp.BaseContinuousShortestPathExecutorTest.registerContinuousSPPlan(BaseContinuousShortestPathExecutorTest.java:43)
	at ca.waterloo.dsg.graphflow.query.executors.csp.BaseContinuousUnidirBidirUnweightedShortestPathExecutorTest.registerContinuousSPPlan(BaseContinuousUnidirBidirUnweightedShortestPathExecutorTest.java:764)
	at ca.waterloo.dsg.graphflow.query.executors.csp.ContinuousUnidirUnweightedShortestPathExecutorTest.testMinDistFrontierIsSetCorrectly(ContinuousUnidirUnweightedShortestPathExecutorTest.java:261)
	at java.base/jdk.internal.reflect.NativeMethodAccessorImpl.invoke0(Native Method)
	at java.base/jdk.internal.reflect.NativeMethodAccessorImpl.invoke(NativeMethodAccessorImpl.java:62)
	at java.base/jdk.internal.reflect.DelegatingMethodAccessorImpl.invoke(DelegatingMethodAccessorImpl.java:43)
	at java.base/java.lang.reflect.Method.invoke(Method.java:566)
	at org.junit.runners.model.FrameworkMethod$1.runReflectiveCall(FrameworkMethod.java:50)
	at org.junit.internal.runners.model.ReflectiveCallable.run(ReflectiveCallable.java:12)
	at org.junit.runners.model.FrameworkMethod.invokeExplosively(FrameworkMethod.java:47)
	at org.junit.internal.runners.statements.InvokeMethod.evaluate(InvokeMethod.java:17)
	at org.junit.internal.runners.statements.RunBefores.evaluate(RunBefores.java:26)
	at org.junit.internal.runners.statements.RunAfters.evaluate(RunAfters.java:27)
	at org.junit.rules.ExternalResource$1.evaluate(ExternalResource.java:48)
	at org.junit.rules.RunRules.evaluate(RunRules.java:20)
	at org.junit.runners.ParentRunner.runLeaf(ParentRunner.java:325)
	at org.junit.runners.BlockJUnit4ClassRunner.runChild(BlockJUnit4ClassRunner.java:78)
	at org.junit.runners.BlockJUnit4ClassRunner.runChild(BlockJUnit4ClassRunner.java:57)
	at org.junit.runners.ParentRunner$3.run(ParentRunner.java:290)
	at org.junit.runners.ParentRunner$1.schedule(ParentRunner.java:71)
	at org.junit.runners.ParentRunner.runChildren(ParentRunner.java:288)
	at org.junit.runners.ParentRunner.access$000(ParentRunner.java:58)
	at org.junit.runners.ParentRunner$2.evaluate(ParentRunner.java:268)
	at org.junit.runners.ParentRunner.run(ParentRunner.java:363)
	at org.gradle.api.internal.tasks.testing.junit.JUnitTestClassExecutor.runTestClass(JUnitTestClassExecutor.java:110)
	at org.gradle.api.internal.tasks.testing.junit.JUnitTestClassExecutor.execute(JUnitTestClassExecutor.java:58)
	at org.gradle.api.internal.tasks.testing.junit.JUnitTestClassExecutor.execute(JUnitTestClassExecutor.java:38)
	at org.gradle.api.internal.tasks.testing.junit.AbstractJUnitTestClassProcessor.processTestClass(AbstractJUnitTestClassProcessor.java:62)
	at org.gradle.api.internal.tasks.testing.SuiteTestClassProcessor.processTestClass(SuiteTestClassProcessor.java:51)
	at java.base/jdk.internal.reflect.NativeMethodAccessorImpl.invoke0(Native Method)
	at java.base/jdk.internal.reflect.NativeMethodAccessorImpl.invoke(NativeMethodAccessorImpl.java:62)
	at java.base/jdk.internal.reflect.DelegatingMethodAccessorImpl.invoke(DelegatingMethodAccessorImpl.java:43)
	at java.base/java.lang.reflect.Method.invoke(Method.java:566)
	at org.gradle.internal.dispatch.ReflectionDispatch.dispatch(ReflectionDispatch.java:36)
	at org.gradle.internal.dispatch.ReflectionDispatch.dispatch(ReflectionDispatch.java:24)
	at org.gradle.internal.dispatch.ContextClassLoaderDispatch.dispatch(ContextClassLoaderDispatch.java:33)
	at org.gradle.internal.dispatch.ProxyDispatchAdapter$DispatchingInvocationHandler.invoke(ProxyDispatchAdapter.java:94)
	at com.sun.proxy.$Proxy2.processTestClass(Unknown Source)
	at org.gradle.api.internal.tasks.testing.worker.TestWorker.processTestClass(TestWorker.java:119)
	at java.base/jdk.internal.reflect.NativeMethodAccessorImpl.invoke0(Native Method)
	at java.base/jdk.internal.reflect.NativeMethodAccessorImpl.invoke(NativeMethodAccessorImpl.java:62)
	at java.base/jdk.internal.reflect.DelegatingMethodAccessorImpl.invoke(DelegatingMethodAccessorImpl.java:43)
	at java.base/java.lang.reflect.Method.invoke(Method.java:566)
	at org.gradle.internal.dispatch.ReflectionDispatch.dispatch(ReflectionDispatch.java:36)
	at org.gradle.internal.dispatch.ReflectionDispatch.dispatch(ReflectionDispatch.java:24)
	at org.gradle.internal.remote.internal.hub.MessageHubBackedObjectConnection$DispatchWrapper.dispatch(MessageHubBackedObjectConnection.java:182)
	at org.gradle.internal.remote.internal.hub.MessageHubBackedObjectConnection$DispatchWrapper.dispatch(MessageHubBackedObjectConnection.java:164)
	at org.gradle.internal.remote.internal.hub.MessageHub$Handler.run(MessageHub.java:414)
	at org.gradle.internal.concurrent.ExecutorPolicy$CatchAndRecordFailures.onExecute(ExecutorPolicy.java:64)
	at org.gradle.internal.concurrent.ManagedExecutorImpl$1.run(ManagedExecutorImpl.java:48)
	at java.base/java.util.concurrent.ThreadPoolExecutor.runWorker(ThreadPoolExecutor.java:1128)
	at java.base/java.util.concurrent.ThreadPoolExecutor$Worker.run(ThreadPoolExecutor.java:628)
	at org.gradle.internal.concurrent.ThreadFactoryImpl$ManagedThreadRunnable.run(ThreadFactoryImpl.java:56)
	at java.base/java.lang.Thread.run(Thread.java:834)
</failure>
  </testcase>
  <testcase name="testMinDistanceFrontierIsSetUntilLatestIteration" classname="ca.waterloo.dsg.graphflow.query.executors.csp.ContinuousUnidirUnweightedShortestPathExecutorTest" time="0.002">
    <failure message="java.lang.IndexOutOfBoundsException: Index 0 out of bounds for length 0" type="java.lang.IndexOutOfBoundsException">java.lang.IndexOutOfBoundsException: Index 0 out of bounds for length 0
	at java.base/jdk.internal.util.Preconditions.outOfBounds(Preconditions.java:64)
	at java.base/jdk.internal.util.Preconditions.outOfBoundsCheckIndex(Preconditions.java:70)
	at java.base/jdk.internal.util.Preconditions.checkIndex(Preconditions.java:248)
	at java.base/java.util.Objects.checkIndex(Objects.java:372)
	at java.base/java.util.ArrayList.get(ArrayList.java:459)
	at ca.waterloo.dsg.graphflow.query.executors.csp.MultiQueryDiff.getDiffs(MultiQueryDiff.java:84)
	at ca.waterloo.dsg.graphflow.query.executors.csp.Distances.getMergedDiffs(Distances.java:465)
	at ca.waterloo.dsg.graphflow.query.executors.csp.Distances.setVertexDistance(Distances.java:504)
	at ca.waterloo.dsg.graphflow.query.executors.csp.Distances.&lt;init&gt;(Distances.java:233)
	at ca.waterloo.dsg.graphflow.query.executors.csp.NewUnidirectionalDifferentialBFS.initFrontierAndSourceDistance(NewUnidirectionalDifferentialBFS.java:103)
	at ca.waterloo.dsg.graphflow.query.executors.csp.NewUnidirectionalDifferentialBFS.&lt;init&gt;(NewUnidirectionalDifferentialBFS.java:56)
	at ca.waterloo.dsg.graphflow.query.executors.csp.NewUnidirectionalUnweightedDifferentialBFS.&lt;init&gt;(NewUnidirectionalUnweightedDifferentialBFS.java:23)
	at ca.waterloo.dsg.graphflow.query.plans.ContinuousDiffBFSShortestPathPlan.setDiffBFS(ContinuousDiffBFSShortestPathPlan.java:66)
	at ca.waterloo.dsg.graphflow.query.plans.ContinuousDiffBFSShortestPathPlan.&lt;init&gt;(ContinuousDiffBFSShortestPathPlan.java:45)
	at ca.waterloo.dsg.graphflow.query.planner.ContinuousShortestPathPlanner.plan(ContinuousShortestPathPlanner.java:65)
	at ca.waterloo.dsg.graphflow.query.executors.csp.BaseContinuousShortestPathExecutorTest.registerContinuousSPPlan(BaseContinuousShortestPathExecutorTest.java:43)
	at ca.waterloo.dsg.graphflow.query.executors.csp.BaseContinuousUnidirBidirUnweightedShortestPathExecutorTest.registerContinuousSPPlan(BaseContinuousUnidirBidirUnweightedShortestPathExecutorTest.java:764)
	at ca.waterloo.dsg.graphflow.query.executors.csp.ContinuousUnidirUnweightedShortestPathExecutorTest.testMinDistanceFrontierIsSetUntilLatestIteration(ContinuousUnidirUnweightedShortestPathExecutorTest.java:28)
	at java.base/jdk.internal.reflect.NativeMethodAccessorImpl.invoke0(Native Method)
	at java.base/jdk.internal.reflect.NativeMethodAccessorImpl.invoke(NativeMethodAccessorImpl.java:62)
	at java.base/jdk.internal.reflect.DelegatingMethodAccessorImpl.invoke(DelegatingMethodAccessorImpl.java:43)
	at java.base/java.lang.reflect.Method.invoke(Method.java:566)
	at org.junit.runners.model.FrameworkMethod$1.runReflectiveCall(FrameworkMethod.java:50)
	at org.junit.internal.runners.model.ReflectiveCallable.run(ReflectiveCallable.java:12)
	at org.junit.runners.model.FrameworkMethod.invokeExplosively(FrameworkMethod.java:47)
	at org.junit.internal.runners.statements.InvokeMethod.evaluate(InvokeMethod.java:17)
	at org.junit.internal.runners.statements.RunBefores.evaluate(RunBefores.java:26)
	at org.junit.internal.runners.statements.RunAfters.evaluate(RunAfters.java:27)
	at org.junit.rules.ExternalResource$1.evaluate(ExternalResource.java:48)
	at org.junit.rules.RunRules.evaluate(RunRules.java:20)
	at org.junit.runners.ParentRunner.runLeaf(ParentRunner.java:325)
	at org.junit.runners.BlockJUnit4ClassRunner.runChild(BlockJUnit4ClassRunner.java:78)
	at org.junit.runners.BlockJUnit4ClassRunner.runChild(BlockJUnit4ClassRunner.java:57)
	at org.junit.runners.ParentRunner$3.run(ParentRunner.java:290)
	at org.junit.runners.ParentRunner$1.schedule(ParentRunner.java:71)
	at org.junit.runners.ParentRunner.runChildren(ParentRunner.java:288)
	at org.junit.runners.ParentRunner.access$000(ParentRunner.java:58)
	at org.junit.runners.ParentRunner$2.evaluate(ParentRunner.java:268)
	at org.junit.runners.ParentRunner.run(ParentRunner.java:363)
	at org.gradle.api.internal.tasks.testing.junit.JUnitTestClassExecutor.runTestClass(JUnitTestClassExecutor.java:110)
	at org.gradle.api.internal.tasks.testing.junit.JUnitTestClassExecutor.execute(JUnitTestClassExecutor.java:58)
	at org.gradle.api.internal.tasks.testing.junit.JUnitTestClassExecutor.execute(JUnitTestClassExecutor.java:38)
	at org.gradle.api.internal.tasks.testing.junit.AbstractJUnitTestClassProcessor.processTestClass(AbstractJUnitTestClassProcessor.java:62)
	at org.gradle.api.internal.tasks.testing.SuiteTestClassProcessor.processTestClass(SuiteTestClassProcessor.java:51)
	at java.base/jdk.internal.reflect.NativeMethodAccessorImpl.invoke0(Native Method)
	at java.base/jdk.internal.reflect.NativeMethodAccessorImpl.invoke(NativeMethodAccessorImpl.java:62)
	at java.base/jdk.internal.reflect.DelegatingMethodAccessorImpl.invoke(DelegatingMethodAccessorImpl.java:43)
	at java.base/java.lang.reflect.Method.invoke(Method.java:566)
	at org.gradle.internal.dispatch.ReflectionDispatch.dispatch(ReflectionDispatch.java:36)
	at org.gradle.internal.dispatch.ReflectionDispatch.dispatch(ReflectionDispatch.java:24)
	at org.gradle.internal.dispatch.ContextClassLoaderDispatch.dispatch(ContextClassLoaderDispatch.java:33)
	at org.gradle.internal.dispatch.ProxyDispatchAdapter$DispatchingInvocationHandler.invoke(ProxyDispatchAdapter.java:94)
	at com.sun.proxy.$Proxy2.processTestClass(Unknown Source)
	at org.gradle.api.internal.tasks.testing.worker.TestWorker.processTestClass(TestWorker.java:119)
	at java.base/jdk.internal.reflect.NativeMethodAccessorImpl.invoke0(Native Method)
	at java.base/jdk.internal.reflect.NativeMethodAccessorImpl.invoke(NativeMethodAccessorImpl.java:62)
	at java.base/jdk.internal.reflect.DelegatingMethodAccessorImpl.invoke(DelegatingMethodAccessorImpl.java:43)
	at java.base/java.lang.reflect.Method.invoke(Method.java:566)
	at org.gradle.internal.dispatch.ReflectionDispatch.dispatch(ReflectionDispatch.java:36)
	at org.gradle.internal.dispatch.ReflectionDispatch.dispatch(ReflectionDispatch.java:24)
	at org.gradle.internal.remote.internal.hub.MessageHubBackedObjectConnection$DispatchWrapper.dispatch(MessageHubBackedObjectConnection.java:182)
	at org.gradle.internal.remote.internal.hub.MessageHubBackedObjectConnection$DispatchWrapper.dispatch(MessageHubBackedObjectConnection.java:164)
	at org.gradle.internal.remote.internal.hub.MessageHub$Handler.run(MessageHub.java:414)
	at org.gradle.internal.concurrent.ExecutorPolicy$CatchAndRecordFailures.onExecute(ExecutorPolicy.java:64)
	at org.gradle.internal.concurrent.ManagedExecutorImpl$1.run(ManagedExecutorImpl.java:48)
	at java.base/java.util.concurrent.ThreadPoolExecutor.runWorker(ThreadPoolExecutor.java:1128)
	at java.base/java.util.concurrent.ThreadPoolExecutor$Worker.run(ThreadPoolExecutor.java:628)
	at org.gradle.internal.concurrent.ThreadFactoryImpl$ManagedThreadRunnable.run(ThreadFactoryImpl.java:56)
	at java.base/java.lang.Thread.run(Thread.java:834)
</failure>
  </testcase>
  <testcase name="testDistances" classname="ca.waterloo.dsg.graphflow.query.executors.csp.ContinuousUnidirUnweightedShortestPathExecutorTest" time="0.003">
    <failure message="java.lang.IndexOutOfBoundsException: Index 0 out of bounds for length 0" type="java.lang.IndexOutOfBoundsException">java.lang.IndexOutOfBoundsException: Index 0 out of bounds for length 0
	at java.base/jdk.internal.util.Preconditions.outOfBounds(Preconditions.java:64)
	at java.base/jdk.internal.util.Preconditions.outOfBoundsCheckIndex(Preconditions.java:70)
	at java.base/jdk.internal.util.Preconditions.checkIndex(Preconditions.java:248)
	at java.base/java.util.Objects.checkIndex(Objects.java:372)
	at java.base/java.util.ArrayList.get(ArrayList.java:459)
	at ca.waterloo.dsg.graphflow.query.executors.csp.MultiQueryDiff.getDiffs(MultiQueryDiff.java:84)
	at ca.waterloo.dsg.graphflow.query.executors.csp.Distances.getMergedDiffs(Distances.java:465)
	at ca.waterloo.dsg.graphflow.query.executors.csp.Distances.setVertexDistance(Distances.java:504)
	at ca.waterloo.dsg.graphflow.query.executors.csp.Distances.&lt;init&gt;(Distances.java:233)
	at ca.waterloo.dsg.graphflow.query.executors.csp.NewUnidirectionalDifferentialBFS.initFrontierAndSourceDistance(NewUnidirectionalDifferentialBFS.java:103)
	at ca.waterloo.dsg.graphflow.query.executors.csp.NewUnidirectionalDifferentialBFS.&lt;init&gt;(NewUnidirectionalDifferentialBFS.java:56)
	at ca.waterloo.dsg.graphflow.query.executors.csp.NewUnidirectionalUnweightedDifferentialBFS.&lt;init&gt;(NewUnidirectionalUnweightedDifferentialBFS.java:23)
	at ca.waterloo.dsg.graphflow.query.plans.ContinuousDiffBFSShortestPathPlan.setDiffBFS(ContinuousDiffBFSShortestPathPlan.java:66)
	at ca.waterloo.dsg.graphflow.query.plans.ContinuousDiffBFSShortestPathPlan.&lt;init&gt;(ContinuousDiffBFSShortestPathPlan.java:45)
	at ca.waterloo.dsg.graphflow.query.planner.ContinuousShortestPathPlanner.plan(ContinuousShortestPathPlanner.java:65)
	at ca.waterloo.dsg.graphflow.query.executors.csp.BaseContinuousShortestPathExecutorTest.registerContinuousSPPlan(BaseContinuousShortestPathExecutorTest.java:43)
	at ca.waterloo.dsg.graphflow.query.executors.csp.BaseContinuousUnidirBidirUnweightedShortestPathExecutorTest.registerContinuousSPPlan(BaseContinuousUnidirBidirUnweightedShortestPathExecutorTest.java:764)
	at ca.waterloo.dsg.graphflow.query.executors.csp.ContinuousUnidirUnweightedShortestPathExecutorTest.testDistances(ContinuousUnidirUnweightedShortestPathExecutorTest.java:112)
	at java.base/jdk.internal.reflect.NativeMethodAccessorImpl.invoke0(Native Method)
	at java.base/jdk.internal.reflect.NativeMethodAccessorImpl.invoke(NativeMethodAccessorImpl.java:62)
	at java.base/jdk.internal.reflect.DelegatingMethodAccessorImpl.invoke(DelegatingMethodAccessorImpl.java:43)
	at java.base/java.lang.reflect.Method.invoke(Method.java:566)
	at org.junit.runners.model.FrameworkMethod$1.runReflectiveCall(FrameworkMethod.java:50)
	at org.junit.internal.runners.model.ReflectiveCallable.run(ReflectiveCallable.java:12)
	at org.junit.runners.model.FrameworkMethod.invokeExplosively(FrameworkMethod.java:47)
	at org.junit.internal.runners.statements.InvokeMethod.evaluate(InvokeMethod.java:17)
	at org.junit.internal.runners.statements.RunBefores.evaluate(RunBefores.java:26)
	at org.junit.internal.runners.statements.RunAfters.evaluate(RunAfters.java:27)
	at org.junit.rules.ExternalResource$1.evaluate(ExternalResource.java:48)
	at org.junit.rules.RunRules.evaluate(RunRules.java:20)
	at org.junit.runners.ParentRunner.runLeaf(ParentRunner.java:325)
	at org.junit.runners.BlockJUnit4ClassRunner.runChild(BlockJUnit4ClassRunner.java:78)
	at org.junit.runners.BlockJUnit4ClassRunner.runChild(BlockJUnit4ClassRunner.java:57)
	at org.junit.runners.ParentRunner$3.run(ParentRunner.java:290)
	at org.junit.runners.ParentRunner$1.schedule(ParentRunner.java:71)
	at org.junit.runners.ParentRunner.runChildren(ParentRunner.java:288)
	at org.junit.runners.ParentRunner.access$000(ParentRunner.java:58)
	at org.junit.runners.ParentRunner$2.evaluate(ParentRunner.java:268)
	at org.junit.runners.ParentRunner.run(ParentRunner.java:363)
	at org.gradle.api.internal.tasks.testing.junit.JUnitTestClassExecutor.runTestClass(JUnitTestClassExecutor.java:110)
	at org.gradle.api.internal.tasks.testing.junit.JUnitTestClassExecutor.execute(JUnitTestClassExecutor.java:58)
	at org.gradle.api.internal.tasks.testing.junit.JUnitTestClassExecutor.execute(JUnitTestClassExecutor.java:38)
	at org.gradle.api.internal.tasks.testing.junit.AbstractJUnitTestClassProcessor.processTestClass(AbstractJUnitTestClassProcessor.java:62)
	at org.gradle.api.internal.tasks.testing.SuiteTestClassProcessor.processTestClass(SuiteTestClassProcessor.java:51)
	at java.base/jdk.internal.reflect.NativeMethodAccessorImpl.invoke0(Native Method)
	at java.base/jdk.internal.reflect.NativeMethodAccessorImpl.invoke(NativeMethodAccessorImpl.java:62)
	at java.base/jdk.internal.reflect.DelegatingMethodAccessorImpl.invoke(DelegatingMethodAccessorImpl.java:43)
	at java.base/java.lang.reflect.Method.invoke(Method.java:566)
	at org.gradle.internal.dispatch.ReflectionDispatch.dispatch(ReflectionDispatch.java:36)
	at org.gradle.internal.dispatch.ReflectionDispatch.dispatch(ReflectionDispatch.java:24)
	at org.gradle.internal.dispatch.ContextClassLoaderDispatch.dispatch(ContextClassLoaderDispatch.java:33)
	at org.gradle.internal.dispatch.ProxyDispatchAdapter$DispatchingInvocationHandler.invoke(ProxyDispatchAdapter.java:94)
	at com.sun.proxy.$Proxy2.processTestClass(Unknown Source)
	at org.gradle.api.internal.tasks.testing.worker.TestWorker.processTestClass(TestWorker.java:119)
	at java.base/jdk.internal.reflect.NativeMethodAccessorImpl.invoke0(Native Method)
	at java.base/jdk.internal.reflect.NativeMethodAccessorImpl.invoke(NativeMethodAccessorImpl.java:62)
	at java.base/jdk.internal.reflect.DelegatingMethodAccessorImpl.invoke(DelegatingMethodAccessorImpl.java:43)
	at java.base/java.lang.reflect.Method.invoke(Method.java:566)
	at org.gradle.internal.dispatch.ReflectionDispatch.dispatch(ReflectionDispatch.java:36)
	at org.gradle.internal.dispatch.ReflectionDispatch.dispatch(ReflectionDispatch.java:24)
	at org.gradle.internal.remote.internal.hub.MessageHubBackedObjectConnection$DispatchWrapper.dispatch(MessageHubBackedObjectConnection.java:182)
	at org.gradle.internal.remote.internal.hub.MessageHubBackedObjectConnection$DispatchWrapper.dispatch(MessageHubBackedObjectConnection.java:164)
	at org.gradle.internal.remote.internal.hub.MessageHub$Handler.run(MessageHub.java:414)
	at org.gradle.internal.concurrent.ExecutorPolicy$CatchAndRecordFailures.onExecute(ExecutorPolicy.java:64)
	at org.gradle.internal.concurrent.ManagedExecutorImpl$1.run(ManagedExecutorImpl.java:48)
	at java.base/java.util.concurrent.ThreadPoolExecutor.runWorker(ThreadPoolExecutor.java:1128)
	at java.base/java.util.concurrent.ThreadPoolExecutor$Worker.run(ThreadPoolExecutor.java:628)
	at org.gradle.internal.concurrent.ThreadFactoryImpl$ManagedThreadRunnable.run(ThreadFactoryImpl.java:56)
	at java.base/java.lang.Thread.run(Thread.java:834)
</failure>
  </testcase>
  <testcase name="testContinuousShortestPathsMixed" classname="ca.waterloo.dsg.graphflow.query.executors.csp.ContinuousUnidirUnweightedShortestPathExecutorTest" time="0.002">
    <failure message="java.lang.IndexOutOfBoundsException: Index 0 out of bounds for length 0" type="java.lang.IndexOutOfBoundsException">java.lang.IndexOutOfBoundsException: Index 0 out of bounds for length 0
	at java.base/jdk.internal.util.Preconditions.outOfBounds(Preconditions.java:64)
	at java.base/jdk.internal.util.Preconditions.outOfBoundsCheckIndex(Preconditions.java:70)
	at java.base/jdk.internal.util.Preconditions.checkIndex(Preconditions.java:248)
	at java.base/java.util.Objects.checkIndex(Objects.java:372)
	at java.base/java.util.ArrayList.get(ArrayList.java:459)
	at ca.waterloo.dsg.graphflow.query.executors.csp.MultiQueryDiff.getDiffs(MultiQueryDiff.java:84)
	at ca.waterloo.dsg.graphflow.query.executors.csp.Distances.getMergedDiffs(Distances.java:465)
	at ca.waterloo.dsg.graphflow.query.executors.csp.Distances.setVertexDistance(Distances.java:504)
	at ca.waterloo.dsg.graphflow.query.executors.csp.Distances.&lt;init&gt;(Distances.java:233)
	at ca.waterloo.dsg.graphflow.query.executors.csp.NewUnidirectionalDifferentialBFS.initFrontierAndSourceDistance(NewUnidirectionalDifferentialBFS.java:103)
	at ca.waterloo.dsg.graphflow.query.executors.csp.NewUnidirectionalDifferentialBFS.&lt;init&gt;(NewUnidirectionalDifferentialBFS.java:56)
	at ca.waterloo.dsg.graphflow.query.executors.csp.NewUnidirectionalUnweightedDifferentialBFS.&lt;init&gt;(NewUnidirectionalUnweightedDifferentialBFS.java:23)
	at ca.waterloo.dsg.graphflow.query.plans.ContinuousDiffBFSShortestPathPlan.setDiffBFS(ContinuousDiffBFSShortestPathPlan.java:66)
	at ca.waterloo.dsg.graphflow.query.plans.ContinuousDiffBFSShortestPathPlan.&lt;init&gt;(ContinuousDiffBFSShortestPathPlan.java:45)
	at ca.waterloo.dsg.graphflow.query.planner.ContinuousShortestPathPlanner.plan(ContinuousShortestPathPlanner.java:65)
	at ca.waterloo.dsg.graphflow.query.executors.csp.BaseContinuousShortestPathExecutorTest.registerContinuousSPPlan(BaseContinuousShortestPathExecutorTest.java:43)
	at ca.waterloo.dsg.graphflow.query.executors.csp.BaseContinuousUnidirBidirUnweightedShortestPathExecutorTest.registerContinuousSPPlan(BaseContinuousUnidirBidirUnweightedShortestPathExecutorTest.java:764)
	at ca.waterloo.dsg.graphflow.query.executors.csp.BaseContinuousUnidirBidirUnweightedShortestPathExecutorTest.testContinuousShortestPathsMixed(BaseContinuousUnidirBidirUnweightedShortestPathExecutorTest.java:43)
	at java.base/jdk.internal.reflect.NativeMethodAccessorImpl.invoke0(Native Method)
	at java.base/jdk.internal.reflect.NativeMethodAccessorImpl.invoke(NativeMethodAccessorImpl.java:62)
	at java.base/jdk.internal.reflect.DelegatingMethodAccessorImpl.invoke(DelegatingMethodAccessorImpl.java:43)
	at java.base/java.lang.reflect.Method.invoke(Method.java:566)
	at org.junit.runners.model.FrameworkMethod$1.runReflectiveCall(FrameworkMethod.java:50)
	at org.junit.internal.runners.model.ReflectiveCallable.run(ReflectiveCallable.java:12)
	at org.junit.runners.model.FrameworkMethod.invokeExplosively(FrameworkMethod.java:47)
	at org.junit.internal.runners.statements.InvokeMethod.evaluate(InvokeMethod.java:17)
	at org.junit.internal.runners.statements.RunBefores.evaluate(RunBefores.java:26)
	at org.junit.internal.runners.statements.RunAfters.evaluate(RunAfters.java:27)
	at org.junit.rules.ExternalResource$1.evaluate(ExternalResource.java:48)
	at org.junit.rules.RunRules.evaluate(RunRules.java:20)
	at org.junit.runners.ParentRunner.runLeaf(ParentRunner.java:325)
	at org.junit.runners.BlockJUnit4ClassRunner.runChild(BlockJUnit4ClassRunner.java:78)
	at org.junit.runners.BlockJUnit4ClassRunner.runChild(BlockJUnit4ClassRunner.java:57)
	at org.junit.runners.ParentRunner$3.run(ParentRunner.java:290)
	at org.junit.runners.ParentRunner$1.schedule(ParentRunner.java:71)
	at org.junit.runners.ParentRunner.runChildren(ParentRunner.java:288)
	at org.junit.runners.ParentRunner.access$000(ParentRunner.java:58)
	at org.junit.runners.ParentRunner$2.evaluate(ParentRunner.java:268)
	at org.junit.runners.ParentRunner.run(ParentRunner.java:363)
	at org.gradle.api.internal.tasks.testing.junit.JUnitTestClassExecutor.runTestClass(JUnitTestClassExecutor.java:110)
	at org.gradle.api.internal.tasks.testing.junit.JUnitTestClassExecutor.execute(JUnitTestClassExecutor.java:58)
	at org.gradle.api.internal.tasks.testing.junit.JUnitTestClassExecutor.execute(JUnitTestClassExecutor.java:38)
	at org.gradle.api.internal.tasks.testing.junit.AbstractJUnitTestClassProcessor.processTestClass(AbstractJUnitTestClassProcessor.java:62)
	at org.gradle.api.internal.tasks.testing.SuiteTestClassProcessor.processTestClass(SuiteTestClassProcessor.java:51)
	at java.base/jdk.internal.reflect.NativeMethodAccessorImpl.invoke0(Native Method)
	at java.base/jdk.internal.reflect.NativeMethodAccessorImpl.invoke(NativeMethodAccessorImpl.java:62)
	at java.base/jdk.internal.reflect.DelegatingMethodAccessorImpl.invoke(DelegatingMethodAccessorImpl.java:43)
	at java.base/java.lang.reflect.Method.invoke(Method.java:566)
	at org.gradle.internal.dispatch.ReflectionDispatch.dispatch(ReflectionDispatch.java:36)
	at org.gradle.internal.dispatch.ReflectionDispatch.dispatch(ReflectionDispatch.java:24)
	at org.gradle.internal.dispatch.ContextClassLoaderDispatch.dispatch(ContextClassLoaderDispatch.java:33)
	at org.gradle.internal.dispatch.ProxyDispatchAdapter$DispatchingInvocationHandler.invoke(ProxyDispatchAdapter.java:94)
	at com.sun.proxy.$Proxy2.processTestClass(Unknown Source)
	at org.gradle.api.internal.tasks.testing.worker.TestWorker.processTestClass(TestWorker.java:119)
	at java.base/jdk.internal.reflect.NativeMethodAccessorImpl.invoke0(Native Method)
	at java.base/jdk.internal.reflect.NativeMethodAccessorImpl.invoke(NativeMethodAccessorImpl.java:62)
	at java.base/jdk.internal.reflect.DelegatingMethodAccessorImpl.invoke(DelegatingMethodAccessorImpl.java:43)
	at java.base/java.lang.reflect.Method.invoke(Method.java:566)
	at org.gradle.internal.dispatch.ReflectionDispatch.dispatch(ReflectionDispatch.java:36)
	at org.gradle.internal.dispatch.ReflectionDispatch.dispatch(ReflectionDispatch.java:24)
	at org.gradle.internal.remote.internal.hub.MessageHubBackedObjectConnection$DispatchWrapper.dispatch(MessageHubBackedObjectConnection.java:182)
	at org.gradle.internal.remote.internal.hub.MessageHubBackedObjectConnection$DispatchWrapper.dispatch(MessageHubBackedObjectConnection.java:164)
	at org.gradle.internal.remote.internal.hub.MessageHub$Handler.run(MessageHub.java:414)
	at org.gradle.internal.concurrent.ExecutorPolicy$CatchAndRecordFailures.onExecute(ExecutorPolicy.java:64)
	at org.gradle.internal.concurrent.ManagedExecutorImpl$1.run(ManagedExecutorImpl.java:48)
	at java.base/java.util.concurrent.ThreadPoolExecutor.runWorker(ThreadPoolExecutor.java:1128)
	at java.base/java.util.concurrent.ThreadPoolExecutor$Worker.run(ThreadPoolExecutor.java:628)
	at org.gradle.internal.concurrent.ThreadFactoryImpl$ManagedThreadRunnable.run(ThreadFactoryImpl.java:56)
	at java.base/java.lang.Thread.run(Thread.java:834)
</failure>
  </testcase>
  <testcase name="testContinuousShortestPathsAddition" classname="ca.waterloo.dsg.graphflow.query.executors.csp.ContinuousUnidirUnweightedShortestPathExecutorTest" time="0.003">
    <failure message="java.lang.IndexOutOfBoundsException: Index 0 out of bounds for length 0" type="java.lang.IndexOutOfBoundsException">java.lang.IndexOutOfBoundsException: Index 0 out of bounds for length 0
	at java.base/jdk.internal.util.Preconditions.outOfBounds(Preconditions.java:64)
	at java.base/jdk.internal.util.Preconditions.outOfBoundsCheckIndex(Preconditions.java:70)
	at java.base/jdk.internal.util.Preconditions.checkIndex(Preconditions.java:248)
	at java.base/java.util.Objects.checkIndex(Objects.java:372)
	at java.base/java.util.ArrayList.get(ArrayList.java:459)
	at ca.waterloo.dsg.graphflow.query.executors.csp.MultiQueryDiff.getDiffs(MultiQueryDiff.java:84)
	at ca.waterloo.dsg.graphflow.query.executors.csp.Distances.getMergedDiffs(Distances.java:465)
	at ca.waterloo.dsg.graphflow.query.executors.csp.Distances.setVertexDistance(Distances.java:504)
	at ca.waterloo.dsg.graphflow.query.executors.csp.Distances.&lt;init&gt;(Distances.java:233)
	at ca.waterloo.dsg.graphflow.query.executors.csp.NewUnidirectionalDifferentialBFS.initFrontierAndSourceDistance(NewUnidirectionalDifferentialBFS.java:103)
	at ca.waterloo.dsg.graphflow.query.executors.csp.NewUnidirectionalDifferentialBFS.&lt;init&gt;(NewUnidirectionalDifferentialBFS.java:56)
	at ca.waterloo.dsg.graphflow.query.executors.csp.NewUnidirectionalUnweightedDifferentialBFS.&lt;init&gt;(NewUnidirectionalUnweightedDifferentialBFS.java:23)
	at ca.waterloo.dsg.graphflow.query.plans.ContinuousDiffBFSShortestPathPlan.setDiffBFS(ContinuousDiffBFSShortestPathPlan.java:66)
	at ca.waterloo.dsg.graphflow.query.plans.ContinuousDiffBFSShortestPathPlan.&lt;init&gt;(ContinuousDiffBFSShortestPathPlan.java:45)
	at ca.waterloo.dsg.graphflow.query.planner.ContinuousShortestPathPlanner.plan(ContinuousShortestPathPlanner.java:65)
	at ca.waterloo.dsg.graphflow.query.executors.csp.BaseContinuousShortestPathExecutorTest.registerContinuousSPPlan(BaseContinuousShortestPathExecutorTest.java:43)
	at ca.waterloo.dsg.graphflow.query.executors.csp.BaseContinuousUnidirBidirUnweightedShortestPathExecutorTest.registerContinuousSPPlan(BaseContinuousUnidirBidirUnweightedShortestPathExecutorTest.java:764)
	at ca.waterloo.dsg.graphflow.query.executors.csp.BaseContinuousUnidirBidirUnweightedShortestPathExecutorTest.testContinuousShortestPathsAddition(BaseContinuousUnidirBidirUnweightedShortestPathExecutorTest.java:114)
	at java.base/jdk.internal.reflect.NativeMethodAccessorImpl.invoke0(Native Method)
	at java.base/jdk.internal.reflect.NativeMethodAccessorImpl.invoke(NativeMethodAccessorImpl.java:62)
	at java.base/jdk.internal.reflect.DelegatingMethodAccessorImpl.invoke(DelegatingMethodAccessorImpl.java:43)
	at java.base/java.lang.reflect.Method.invoke(Method.java:566)
	at org.junit.runners.model.FrameworkMethod$1.runReflectiveCall(FrameworkMethod.java:50)
	at org.junit.internal.runners.model.ReflectiveCallable.run(ReflectiveCallable.java:12)
	at org.junit.runners.model.FrameworkMethod.invokeExplosively(FrameworkMethod.java:47)
	at org.junit.internal.runners.statements.InvokeMethod.evaluate(InvokeMethod.java:17)
	at org.junit.internal.runners.statements.RunBefores.evaluate(RunBefores.java:26)
	at org.junit.internal.runners.statements.RunAfters.evaluate(RunAfters.java:27)
	at org.junit.rules.ExternalResource$1.evaluate(ExternalResource.java:48)
	at org.junit.rules.RunRules.evaluate(RunRules.java:20)
	at org.junit.runners.ParentRunner.runLeaf(ParentRunner.java:325)
	at org.junit.runners.BlockJUnit4ClassRunner.runChild(BlockJUnit4ClassRunner.java:78)
	at org.junit.runners.BlockJUnit4ClassRunner.runChild(BlockJUnit4ClassRunner.java:57)
	at org.junit.runners.ParentRunner$3.run(ParentRunner.java:290)
	at org.junit.runners.ParentRunner$1.schedule(ParentRunner.java:71)
	at org.junit.runners.ParentRunner.runChildren(ParentRunner.java:288)
	at org.junit.runners.ParentRunner.access$000(ParentRunner.java:58)
	at org.junit.runners.ParentRunner$2.evaluate(ParentRunner.java:268)
	at org.junit.runners.ParentRunner.run(ParentRunner.java:363)
	at org.gradle.api.internal.tasks.testing.junit.JUnitTestClassExecutor.runTestClass(JUnitTestClassExecutor.java:110)
	at org.gradle.api.internal.tasks.testing.junit.JUnitTestClassExecutor.execute(JUnitTestClassExecutor.java:58)
	at org.gradle.api.internal.tasks.testing.junit.JUnitTestClassExecutor.execute(JUnitTestClassExecutor.java:38)
	at org.gradle.api.internal.tasks.testing.junit.AbstractJUnitTestClassProcessor.processTestClass(AbstractJUnitTestClassProcessor.java:62)
	at org.gradle.api.internal.tasks.testing.SuiteTestClassProcessor.processTestClass(SuiteTestClassProcessor.java:51)
	at java.base/jdk.internal.reflect.NativeMethodAccessorImpl.invoke0(Native Method)
	at java.base/jdk.internal.reflect.NativeMethodAccessorImpl.invoke(NativeMethodAccessorImpl.java:62)
	at java.base/jdk.internal.reflect.DelegatingMethodAccessorImpl.invoke(DelegatingMethodAccessorImpl.java:43)
	at java.base/java.lang.reflect.Method.invoke(Method.java:566)
	at org.gradle.internal.dispatch.ReflectionDispatch.dispatch(ReflectionDispatch.java:36)
	at org.gradle.internal.dispatch.ReflectionDispatch.dispatch(ReflectionDispatch.java:24)
	at org.gradle.internal.dispatch.ContextClassLoaderDispatch.dispatch(ContextClassLoaderDispatch.java:33)
	at org.gradle.internal.dispatch.ProxyDispatchAdapter$DispatchingInvocationHandler.invoke(ProxyDispatchAdapter.java:94)
	at com.sun.proxy.$Proxy2.processTestClass(Unknown Source)
	at org.gradle.api.internal.tasks.testing.worker.TestWorker.processTestClass(TestWorker.java:119)
	at java.base/jdk.internal.reflect.NativeMethodAccessorImpl.invoke0(Native Method)
	at java.base/jdk.internal.reflect.NativeMethodAccessorImpl.invoke(NativeMethodAccessorImpl.java:62)
	at java.base/jdk.internal.reflect.DelegatingMethodAccessorImpl.invoke(DelegatingMethodAccessorImpl.java:43)
	at java.base/java.lang.reflect.Method.invoke(Method.java:566)
	at org.gradle.internal.dispatch.ReflectionDispatch.dispatch(ReflectionDispatch.java:36)
	at org.gradle.internal.dispatch.ReflectionDispatch.dispatch(ReflectionDispatch.java:24)
	at org.gradle.internal.remote.internal.hub.MessageHubBackedObjectConnection$DispatchWrapper.dispatch(MessageHubBackedObjectConnection.java:182)
	at org.gradle.internal.remote.internal.hub.MessageHubBackedObjectConnection$DispatchWrapper.dispatch(MessageHubBackedObjectConnection.java:164)
	at org.gradle.internal.remote.internal.hub.MessageHub$Handler.run(MessageHub.java:414)
	at org.gradle.internal.concurrent.ExecutorPolicy$CatchAndRecordFailures.onExecute(ExecutorPolicy.java:64)
	at org.gradle.internal.concurrent.ManagedExecutorImpl$1.run(ManagedExecutorImpl.java:48)
	at java.base/java.util.concurrent.ThreadPoolExecutor.runWorker(ThreadPoolExecutor.java:1128)
	at java.base/java.util.concurrent.ThreadPoolExecutor$Worker.run(ThreadPoolExecutor.java:628)
	at org.gradle.internal.concurrent.ThreadFactoryImpl$ManagedThreadRunnable.run(ThreadFactoryImpl.java:56)
	at java.base/java.lang.Thread.run(Thread.java:834)
</failure>
  </testcase>
  <testcase name="testLongerPathBFS" classname="ca.waterloo.dsg.graphflow.query.executors.csp.ContinuousUnidirUnweightedShortestPathExecutorTest" time="0.003">
    <failure message="java.lang.IndexOutOfBoundsException: Index 0 out of bounds for length 0" type="java.lang.IndexOutOfBoundsException">java.lang.IndexOutOfBoundsException: Index 0 out of bounds for length 0
	at java.base/jdk.internal.util.Preconditions.outOfBounds(Preconditions.java:64)
	at java.base/jdk.internal.util.Preconditions.outOfBoundsCheckIndex(Preconditions.java:70)
	at java.base/jdk.internal.util.Preconditions.checkIndex(Preconditions.java:248)
	at java.base/java.util.Objects.checkIndex(Objects.java:372)
	at java.base/java.util.ArrayList.get(ArrayList.java:459)
	at ca.waterloo.dsg.graphflow.query.executors.csp.MultiQueryDiff.getDiffs(MultiQueryDiff.java:84)
	at ca.waterloo.dsg.graphflow.query.executors.csp.Distances.getMergedDiffs(Distances.java:465)
	at ca.waterloo.dsg.graphflow.query.executors.csp.Distances.setVertexDistance(Distances.java:504)
	at ca.waterloo.dsg.graphflow.query.executors.csp.Distances.&lt;init&gt;(Distances.java:233)
	at ca.waterloo.dsg.graphflow.query.executors.csp.NewUnidirectionalDifferentialBFS.initFrontierAndSourceDistance(NewUnidirectionalDifferentialBFS.java:103)
	at ca.waterloo.dsg.graphflow.query.executors.csp.NewUnidirectionalDifferentialBFS.&lt;init&gt;(NewUnidirectionalDifferentialBFS.java:56)
	at ca.waterloo.dsg.graphflow.query.executors.csp.NewUnidirectionalUnweightedDifferentialBFS.&lt;init&gt;(NewUnidirectionalUnweightedDifferentialBFS.java:23)
	at ca.waterloo.dsg.graphflow.query.plans.ContinuousDiffBFSShortestPathPlan.setDiffBFS(ContinuousDiffBFSShortestPathPlan.java:66)
	at ca.waterloo.dsg.graphflow.query.plans.ContinuousDiffBFSShortestPathPlan.&lt;init&gt;(ContinuousDiffBFSShortestPathPlan.java:45)
	at ca.waterloo.dsg.graphflow.query.planner.ContinuousShortestPathPlanner.plan(ContinuousShortestPathPlanner.java:65)
	at ca.waterloo.dsg.graphflow.query.executors.csp.BaseContinuousShortestPathExecutorTest.registerContinuousSPPlan(BaseContinuousShortestPathExecutorTest.java:43)
	at ca.waterloo.dsg.graphflow.query.executors.csp.BaseContinuousUnidirBidirUnweightedShortestPathExecutorTest.registerContinuousSPPlan(BaseContinuousUnidirBidirUnweightedShortestPathExecutorTest.java:764)
	at ca.waterloo.dsg.graphflow.query.executors.csp.BaseContinuousUnidirBidirUnweightedShortestPathExecutorTest.testLongerPathBFS(BaseContinuousUnidirBidirUnweightedShortestPathExecutorTest.java:613)
	at java.base/jdk.internal.reflect.NativeMethodAccessorImpl.invoke0(Native Method)
	at java.base/jdk.internal.reflect.NativeMethodAccessorImpl.invoke(NativeMethodAccessorImpl.java:62)
	at java.base/jdk.internal.reflect.DelegatingMethodAccessorImpl.invoke(DelegatingMethodAccessorImpl.java:43)
	at java.base/java.lang.reflect.Method.invoke(Method.java:566)
	at org.junit.runners.model.FrameworkMethod$1.runReflectiveCall(FrameworkMethod.java:50)
	at org.junit.internal.runners.model.ReflectiveCallable.run(ReflectiveCallable.java:12)
	at org.junit.runners.model.FrameworkMethod.invokeExplosively(FrameworkMethod.java:47)
	at org.junit.internal.runners.statements.InvokeMethod.evaluate(InvokeMethod.java:17)
	at org.junit.internal.runners.statements.RunBefores.evaluate(RunBefores.java:26)
	at org.junit.internal.runners.statements.RunAfters.evaluate(RunAfters.java:27)
	at org.junit.rules.ExternalResource$1.evaluate(ExternalResource.java:48)
	at org.junit.rules.RunRules.evaluate(RunRules.java:20)
	at org.junit.runners.ParentRunner.runLeaf(ParentRunner.java:325)
	at org.junit.runners.BlockJUnit4ClassRunner.runChild(BlockJUnit4ClassRunner.java:78)
	at org.junit.runners.BlockJUnit4ClassRunner.runChild(BlockJUnit4ClassRunner.java:57)
	at org.junit.runners.ParentRunner$3.run(ParentRunner.java:290)
	at org.junit.runners.ParentRunner$1.schedule(ParentRunner.java:71)
	at org.junit.runners.ParentRunner.runChildren(ParentRunner.java:288)
	at org.junit.runners.ParentRunner.access$000(ParentRunner.java:58)
	at org.junit.runners.ParentRunner$2.evaluate(ParentRunner.java:268)
	at org.junit.runners.ParentRunner.run(ParentRunner.java:363)
	at org.gradle.api.internal.tasks.testing.junit.JUnitTestClassExecutor.runTestClass(JUnitTestClassExecutor.java:110)
	at org.gradle.api.internal.tasks.testing.junit.JUnitTestClassExecutor.execute(JUnitTestClassExecutor.java:58)
	at org.gradle.api.internal.tasks.testing.junit.JUnitTestClassExecutor.execute(JUnitTestClassExecutor.java:38)
	at org.gradle.api.internal.tasks.testing.junit.AbstractJUnitTestClassProcessor.processTestClass(AbstractJUnitTestClassProcessor.java:62)
	at org.gradle.api.internal.tasks.testing.SuiteTestClassProcessor.processTestClass(SuiteTestClassProcessor.java:51)
	at java.base/jdk.internal.reflect.NativeMethodAccessorImpl.invoke0(Native Method)
	at java.base/jdk.internal.reflect.NativeMethodAccessorImpl.invoke(NativeMethodAccessorImpl.java:62)
	at java.base/jdk.internal.reflect.DelegatingMethodAccessorImpl.invoke(DelegatingMethodAccessorImpl.java:43)
	at java.base/java.lang.reflect.Method.invoke(Method.java:566)
	at org.gradle.internal.dispatch.ReflectionDispatch.dispatch(ReflectionDispatch.java:36)
	at org.gradle.internal.dispatch.ReflectionDispatch.dispatch(ReflectionDispatch.java:24)
	at org.gradle.internal.dispatch.ContextClassLoaderDispatch.dispatch(ContextClassLoaderDispatch.java:33)
	at org.gradle.internal.dispatch.ProxyDispatchAdapter$DispatchingInvocationHandler.invoke(ProxyDispatchAdapter.java:94)
	at com.sun.proxy.$Proxy2.processTestClass(Unknown Source)
	at org.gradle.api.internal.tasks.testing.worker.TestWorker.processTestClass(TestWorker.java:119)
	at java.base/jdk.internal.reflect.NativeMethodAccessorImpl.invoke0(Native Method)
	at java.base/jdk.internal.reflect.NativeMethodAccessorImpl.invoke(NativeMethodAccessorImpl.java:62)
	at java.base/jdk.internal.reflect.DelegatingMethodAccessorImpl.invoke(DelegatingMethodAccessorImpl.java:43)
	at java.base/java.lang.reflect.Method.invoke(Method.java:566)
	at org.gradle.internal.dispatch.ReflectionDispatch.dispatch(ReflectionDispatch.java:36)
	at org.gradle.internal.dispatch.ReflectionDispatch.dispatch(ReflectionDispatch.java:24)
	at org.gradle.internal.remote.internal.hub.MessageHubBackedObjectConnection$DispatchWrapper.dispatch(MessageHubBackedObjectConnection.java:182)
	at org.gradle.internal.remote.internal.hub.MessageHubBackedObjectConnection$DispatchWrapper.dispatch(MessageHubBackedObjectConnection.java:164)
	at org.gradle.internal.remote.internal.hub.MessageHub$Handler.run(MessageHub.java:414)
	at org.gradle.internal.concurrent.ExecutorPolicy$CatchAndRecordFailures.onExecute(ExecutorPolicy.java:64)
	at org.gradle.internal.concurrent.ManagedExecutorImpl$1.run(ManagedExecutorImpl.java:48)
	at java.base/java.util.concurrent.ThreadPoolExecutor.runWorker(ThreadPoolExecutor.java:1128)
	at java.base/java.util.concurrent.ThreadPoolExecutor$Worker.run(ThreadPoolExecutor.java:628)
	at org.gradle.internal.concurrent.ThreadFactoryImpl$ManagedThreadRunnable.run(ThreadFactoryImpl.java:56)
	at java.base/java.lang.Thread.run(Thread.java:834)
</failure>
  </testcase>
  <testcase name="testContinuousShortestPathsLongerPath" classname="ca.waterloo.dsg.graphflow.query.executors.csp.ContinuousUnidirUnweightedShortestPathExecutorTest" time="0.003">
    <failure message="java.lang.IndexOutOfBoundsException: Index 0 out of bounds for length 0" type="java.lang.IndexOutOfBoundsException">java.lang.IndexOutOfBoundsException: Index 0 out of bounds for length 0
	at java.base/jdk.internal.util.Preconditions.outOfBounds(Preconditions.java:64)
	at java.base/jdk.internal.util.Preconditions.outOfBoundsCheckIndex(Preconditions.java:70)
	at java.base/jdk.internal.util.Preconditions.checkIndex(Preconditions.java:248)
	at java.base/java.util.Objects.checkIndex(Objects.java:372)
	at java.base/java.util.ArrayList.get(ArrayList.java:459)
	at ca.waterloo.dsg.graphflow.query.executors.csp.MultiQueryDiff.getDiffs(MultiQueryDiff.java:84)
	at ca.waterloo.dsg.graphflow.query.executors.csp.Distances.getMergedDiffs(Distances.java:465)
	at ca.waterloo.dsg.graphflow.query.executors.csp.Distances.setVertexDistance(Distances.java:504)
	at ca.waterloo.dsg.graphflow.query.executors.csp.Distances.&lt;init&gt;(Distances.java:233)
	at ca.waterloo.dsg.graphflow.query.executors.csp.NewUnidirectionalDifferentialBFS.initFrontierAndSourceDistance(NewUnidirectionalDifferentialBFS.java:103)
	at ca.waterloo.dsg.graphflow.query.executors.csp.NewUnidirectionalDifferentialBFS.&lt;init&gt;(NewUnidirectionalDifferentialBFS.java:56)
	at ca.waterloo.dsg.graphflow.query.executors.csp.NewUnidirectionalUnweightedDifferentialBFS.&lt;init&gt;(NewUnidirectionalUnweightedDifferentialBFS.java:23)
	at ca.waterloo.dsg.graphflow.query.plans.ContinuousDiffBFSShortestPathPlan.setDiffBFS(ContinuousDiffBFSShortestPathPlan.java:66)
	at ca.waterloo.dsg.graphflow.query.plans.ContinuousDiffBFSShortestPathPlan.&lt;init&gt;(ContinuousDiffBFSShortestPathPlan.java:45)
	at ca.waterloo.dsg.graphflow.query.planner.ContinuousShortestPathPlanner.plan(ContinuousShortestPathPlanner.java:65)
	at ca.waterloo.dsg.graphflow.query.executors.csp.BaseContinuousShortestPathExecutorTest.registerContinuousSPPlan(BaseContinuousShortestPathExecutorTest.java:43)
	at ca.waterloo.dsg.graphflow.query.executors.csp.BaseContinuousUnidirBidirUnweightedShortestPathExecutorTest.registerContinuousSPPlan(BaseContinuousUnidirBidirUnweightedShortestPathExecutorTest.java:764)
	at ca.waterloo.dsg.graphflow.query.executors.csp.BaseContinuousUnidirBidirUnweightedShortestPathExecutorTest.testContinuousShortestPathsLongerPath(BaseContinuousUnidirBidirUnweightedShortestPathExecutorTest.java:283)
	at java.base/jdk.internal.reflect.NativeMethodAccessorImpl.invoke0(Native Method)
	at java.base/jdk.internal.reflect.NativeMethodAccessorImpl.invoke(NativeMethodAccessorImpl.java:62)
	at java.base/jdk.internal.reflect.DelegatingMethodAccessorImpl.invoke(DelegatingMethodAccessorImpl.java:43)
	at java.base/java.lang.reflect.Method.invoke(Method.java:566)
	at org.junit.runners.model.FrameworkMethod$1.runReflectiveCall(FrameworkMethod.java:50)
	at org.junit.internal.runners.model.ReflectiveCallable.run(ReflectiveCallable.java:12)
	at org.junit.runners.model.FrameworkMethod.invokeExplosively(FrameworkMethod.java:47)
	at org.junit.internal.runners.statements.InvokeMethod.evaluate(InvokeMethod.java:17)
	at org.junit.internal.runners.statements.RunBefores.evaluate(RunBefores.java:26)
	at org.junit.internal.runners.statements.RunAfters.evaluate(RunAfters.java:27)
	at org.junit.rules.ExternalResource$1.evaluate(ExternalResource.java:48)
	at org.junit.rules.RunRules.evaluate(RunRules.java:20)
	at org.junit.runners.ParentRunner.runLeaf(ParentRunner.java:325)
	at org.junit.runners.BlockJUnit4ClassRunner.runChild(BlockJUnit4ClassRunner.java:78)
	at org.junit.runners.BlockJUnit4ClassRunner.runChild(BlockJUnit4ClassRunner.java:57)
	at org.junit.runners.ParentRunner$3.run(ParentRunner.java:290)
	at org.junit.runners.ParentRunner$1.schedule(ParentRunner.java:71)
	at org.junit.runners.ParentRunner.runChildren(ParentRunner.java:288)
	at org.junit.runners.ParentRunner.access$000(ParentRunner.java:58)
	at org.junit.runners.ParentRunner$2.evaluate(ParentRunner.java:268)
	at org.junit.runners.ParentRunner.run(ParentRunner.java:363)
	at org.gradle.api.internal.tasks.testing.junit.JUnitTestClassExecutor.runTestClass(JUnitTestClassExecutor.java:110)
	at org.gradle.api.internal.tasks.testing.junit.JUnitTestClassExecutor.execute(JUnitTestClassExecutor.java:58)
	at org.gradle.api.internal.tasks.testing.junit.JUnitTestClassExecutor.execute(JUnitTestClassExecutor.java:38)
	at org.gradle.api.internal.tasks.testing.junit.AbstractJUnitTestClassProcessor.processTestClass(AbstractJUnitTestClassProcessor.java:62)
	at org.gradle.api.internal.tasks.testing.SuiteTestClassProcessor.processTestClass(SuiteTestClassProcessor.java:51)
	at java.base/jdk.internal.reflect.NativeMethodAccessorImpl.invoke0(Native Method)
	at java.base/jdk.internal.reflect.NativeMethodAccessorImpl.invoke(NativeMethodAccessorImpl.java:62)
	at java.base/jdk.internal.reflect.DelegatingMethodAccessorImpl.invoke(DelegatingMethodAccessorImpl.java:43)
	at java.base/java.lang.reflect.Method.invoke(Method.java:566)
	at org.gradle.internal.dispatch.ReflectionDispatch.dispatch(ReflectionDispatch.java:36)
	at org.gradle.internal.dispatch.ReflectionDispatch.dispatch(ReflectionDispatch.java:24)
	at org.gradle.internal.dispatch.ContextClassLoaderDispatch.dispatch(ContextClassLoaderDispatch.java:33)
	at org.gradle.internal.dispatch.ProxyDispatchAdapter$DispatchingInvocationHandler.invoke(ProxyDispatchAdapter.java:94)
	at com.sun.proxy.$Proxy2.processTestClass(Unknown Source)
	at org.gradle.api.internal.tasks.testing.worker.TestWorker.processTestClass(TestWorker.java:119)
	at java.base/jdk.internal.reflect.NativeMethodAccessorImpl.invoke0(Native Method)
	at java.base/jdk.internal.reflect.NativeMethodAccessorImpl.invoke(NativeMethodAccessorImpl.java:62)
	at java.base/jdk.internal.reflect.DelegatingMethodAccessorImpl.invoke(DelegatingMethodAccessorImpl.java:43)
	at java.base/java.lang.reflect.Method.invoke(Method.java:566)
	at org.gradle.internal.dispatch.ReflectionDispatch.dispatch(ReflectionDispatch.java:36)
	at org.gradle.internal.dispatch.ReflectionDispatch.dispatch(ReflectionDispatch.java:24)
	at org.gradle.internal.remote.internal.hub.MessageHubBackedObjectConnection$DispatchWrapper.dispatch(MessageHubBackedObjectConnection.java:182)
	at org.gradle.internal.remote.internal.hub.MessageHubBackedObjectConnection$DispatchWrapper.dispatch(MessageHubBackedObjectConnection.java:164)
	at org.gradle.internal.remote.internal.hub.MessageHub$Handler.run(MessageHub.java:414)
	at org.gradle.internal.concurrent.ExecutorPolicy$CatchAndRecordFailures.onExecute(ExecutorPolicy.java:64)
	at org.gradle.internal.concurrent.ManagedExecutorImpl$1.run(ManagedExecutorImpl.java:48)
	at java.base/java.util.concurrent.ThreadPoolExecutor.runWorker(ThreadPoolExecutor.java:1128)
	at java.base/java.util.concurrent.ThreadPoolExecutor$Worker.run(ThreadPoolExecutor.java:628)
	at org.gradle.internal.concurrent.ThreadFactoryImpl$ManagedThreadRunnable.run(ThreadFactoryImpl.java:56)
	at java.base/java.lang.Thread.run(Thread.java:834)
</failure>
  </testcase>
  <testcase name="testContinuousShortestPathsNewPath" classname="ca.waterloo.dsg.graphflow.query.executors.csp.ContinuousUnidirUnweightedShortestPathExecutorTest" time="0.002">
    <failure message="java.lang.IndexOutOfBoundsException: Index 0 out of bounds for length 0" type="java.lang.IndexOutOfBoundsException">java.lang.IndexOutOfBoundsException: Index 0 out of bounds for length 0
	at java.base/jdk.internal.util.Preconditions.outOfBounds(Preconditions.java:64)
	at java.base/jdk.internal.util.Preconditions.outOfBoundsCheckIndex(Preconditions.java:70)
	at java.base/jdk.internal.util.Preconditions.checkIndex(Preconditions.java:248)
	at java.base/java.util.Objects.checkIndex(Objects.java:372)
	at java.base/java.util.ArrayList.get(ArrayList.java:459)
	at ca.waterloo.dsg.graphflow.query.executors.csp.MultiQueryDiff.getDiffs(MultiQueryDiff.java:84)
	at ca.waterloo.dsg.graphflow.query.executors.csp.Distances.getMergedDiffs(Distances.java:465)
	at ca.waterloo.dsg.graphflow.query.executors.csp.Distances.setVertexDistance(Distances.java:504)
	at ca.waterloo.dsg.graphflow.query.executors.csp.Distances.&lt;init&gt;(Distances.java:233)
	at ca.waterloo.dsg.graphflow.query.executors.csp.NewUnidirectionalDifferentialBFS.initFrontierAndSourceDistance(NewUnidirectionalDifferentialBFS.java:103)
	at ca.waterloo.dsg.graphflow.query.executors.csp.NewUnidirectionalDifferentialBFS.&lt;init&gt;(NewUnidirectionalDifferentialBFS.java:56)
	at ca.waterloo.dsg.graphflow.query.executors.csp.NewUnidirectionalUnweightedDifferentialBFS.&lt;init&gt;(NewUnidirectionalUnweightedDifferentialBFS.java:23)
	at ca.waterloo.dsg.graphflow.query.plans.ContinuousDiffBFSShortestPathPlan.setDiffBFS(ContinuousDiffBFSShortestPathPlan.java:66)
	at ca.waterloo.dsg.graphflow.query.plans.ContinuousDiffBFSShortestPathPlan.&lt;init&gt;(ContinuousDiffBFSShortestPathPlan.java:45)
	at ca.waterloo.dsg.graphflow.query.planner.ContinuousShortestPathPlanner.plan(ContinuousShortestPathPlanner.java:65)
	at ca.waterloo.dsg.graphflow.query.executors.csp.BaseContinuousShortestPathExecutorTest.registerContinuousSPPlan(BaseContinuousShortestPathExecutorTest.java:43)
	at ca.waterloo.dsg.graphflow.query.executors.csp.BaseContinuousUnidirBidirUnweightedShortestPathExecutorTest.registerContinuousSPPlan(BaseContinuousUnidirBidirUnweightedShortestPathExecutorTest.java:764)
	at ca.waterloo.dsg.graphflow.query.executors.csp.BaseContinuousUnidirBidirUnweightedShortestPathExecutorTest.testContinuousShortestPathsNewPath(BaseContinuousUnidirBidirUnweightedShortestPathExecutorTest.java:213)
	at java.base/jdk.internal.reflect.NativeMethodAccessorImpl.invoke0(Native Method)
	at java.base/jdk.internal.reflect.NativeMethodAccessorImpl.invoke(NativeMethodAccessorImpl.java:62)
	at java.base/jdk.internal.reflect.DelegatingMethodAccessorImpl.invoke(DelegatingMethodAccessorImpl.java:43)
	at java.base/java.lang.reflect.Method.invoke(Method.java:566)
	at org.junit.runners.model.FrameworkMethod$1.runReflectiveCall(FrameworkMethod.java:50)
	at org.junit.internal.runners.model.ReflectiveCallable.run(ReflectiveCallable.java:12)
	at org.junit.runners.model.FrameworkMethod.invokeExplosively(FrameworkMethod.java:47)
	at org.junit.internal.runners.statements.InvokeMethod.evaluate(InvokeMethod.java:17)
	at org.junit.internal.runners.statements.RunBefores.evaluate(RunBefores.java:26)
	at org.junit.internal.runners.statements.RunAfters.evaluate(RunAfters.java:27)
	at org.junit.rules.ExternalResource$1.evaluate(ExternalResource.java:48)
	at org.junit.rules.RunRules.evaluate(RunRules.java:20)
	at org.junit.runners.ParentRunner.runLeaf(ParentRunner.java:325)
	at org.junit.runners.BlockJUnit4ClassRunner.runChild(BlockJUnit4ClassRunner.java:78)
	at org.junit.runners.BlockJUnit4ClassRunner.runChild(BlockJUnit4ClassRunner.java:57)
	at org.junit.runners.ParentRunner$3.run(ParentRunner.java:290)
	at org.junit.runners.ParentRunner$1.schedule(ParentRunner.java:71)
	at org.junit.runners.ParentRunner.runChildren(ParentRunner.java:288)
	at org.junit.runners.ParentRunner.access$000(ParentRunner.java:58)
	at org.junit.runners.ParentRunner$2.evaluate(ParentRunner.java:268)
	at org.junit.runners.ParentRunner.run(ParentRunner.java:363)
	at org.gradle.api.internal.tasks.testing.junit.JUnitTestClassExecutor.runTestClass(JUnitTestClassExecutor.java:110)
	at org.gradle.api.internal.tasks.testing.junit.JUnitTestClassExecutor.execute(JUnitTestClassExecutor.java:58)
	at org.gradle.api.internal.tasks.testing.junit.JUnitTestClassExecutor.execute(JUnitTestClassExecutor.java:38)
	at org.gradle.api.internal.tasks.testing.junit.AbstractJUnitTestClassProcessor.processTestClass(AbstractJUnitTestClassProcessor.java:62)
	at org.gradle.api.internal.tasks.testing.SuiteTestClassProcessor.processTestClass(SuiteTestClassProcessor.java:51)
	at java.base/jdk.internal.reflect.NativeMethodAccessorImpl.invoke0(Native Method)
	at java.base/jdk.internal.reflect.NativeMethodAccessorImpl.invoke(NativeMethodAccessorImpl.java:62)
	at java.base/jdk.internal.reflect.DelegatingMethodAccessorImpl.invoke(DelegatingMethodAccessorImpl.java:43)
	at java.base/java.lang.reflect.Method.invoke(Method.java:566)
	at org.gradle.internal.dispatch.ReflectionDispatch.dispatch(ReflectionDispatch.java:36)
	at org.gradle.internal.dispatch.ReflectionDispatch.dispatch(ReflectionDispatch.java:24)
	at org.gradle.internal.dispatch.ContextClassLoaderDispatch.dispatch(ContextClassLoaderDispatch.java:33)
	at org.gradle.internal.dispatch.ProxyDispatchAdapter$DispatchingInvocationHandler.invoke(ProxyDispatchAdapter.java:94)
	at com.sun.proxy.$Proxy2.processTestClass(Unknown Source)
	at org.gradle.api.internal.tasks.testing.worker.TestWorker.processTestClass(TestWorker.java:119)
	at java.base/jdk.internal.reflect.NativeMethodAccessorImpl.invoke0(Native Method)
	at java.base/jdk.internal.reflect.NativeMethodAccessorImpl.invoke(NativeMethodAccessorImpl.java:62)
	at java.base/jdk.internal.reflect.DelegatingMethodAccessorImpl.invoke(DelegatingMethodAccessorImpl.java:43)
	at java.base/java.lang.reflect.Method.invoke(Method.java:566)
	at org.gradle.internal.dispatch.ReflectionDispatch.dispatch(ReflectionDispatch.java:36)
	at org.gradle.internal.dispatch.ReflectionDispatch.dispatch(ReflectionDispatch.java:24)
	at org.gradle.internal.remote.internal.hub.MessageHubBackedObjectConnection$DispatchWrapper.dispatch(MessageHubBackedObjectConnection.java:182)
	at org.gradle.internal.remote.internal.hub.MessageHubBackedObjectConnection$DispatchWrapper.dispatch(MessageHubBackedObjectConnection.java:164)
	at org.gradle.internal.remote.internal.hub.MessageHub$Handler.run(MessageHub.java:414)
	at org.gradle.internal.concurrent.ExecutorPolicy$CatchAndRecordFailures.onExecute(ExecutorPolicy.java:64)
	at org.gradle.internal.concurrent.ManagedExecutorImpl$1.run(ManagedExecutorImpl.java:48)
	at java.base/java.util.concurrent.ThreadPoolExecutor.runWorker(ThreadPoolExecutor.java:1128)
	at java.base/java.util.concurrent.ThreadPoolExecutor$Worker.run(ThreadPoolExecutor.java:628)
	at org.gradle.internal.concurrent.ThreadFactoryImpl$ManagedThreadRunnable.run(ThreadFactoryImpl.java:56)
	at java.base/java.lang.Thread.run(Thread.java:834)
</failure>
  </testcase>
  <testcase name="testContinuousShortestPathsNoPath" classname="ca.waterloo.dsg.graphflow.query.executors.csp.ContinuousUnidirUnweightedShortestPathExecutorTest" time="0.003">
    <failure message="java.lang.IndexOutOfBoundsException: Index 0 out of bounds for length 0" type="java.lang.IndexOutOfBoundsException">java.lang.IndexOutOfBoundsException: Index 0 out of bounds for length 0
	at java.base/jdk.internal.util.Preconditions.outOfBounds(Preconditions.java:64)
	at java.base/jdk.internal.util.Preconditions.outOfBoundsCheckIndex(Preconditions.java:70)
	at java.base/jdk.internal.util.Preconditions.checkIndex(Preconditions.java:248)
	at java.base/java.util.Objects.checkIndex(Objects.java:372)
	at java.base/java.util.ArrayList.get(ArrayList.java:459)
	at ca.waterloo.dsg.graphflow.query.executors.csp.MultiQueryDiff.getDiffs(MultiQueryDiff.java:84)
	at ca.waterloo.dsg.graphflow.query.executors.csp.Distances.getMergedDiffs(Distances.java:465)
	at ca.waterloo.dsg.graphflow.query.executors.csp.Distances.setVertexDistance(Distances.java:504)
	at ca.waterloo.dsg.graphflow.query.executors.csp.Distances.&lt;init&gt;(Distances.java:233)
	at ca.waterloo.dsg.graphflow.query.executors.csp.NewUnidirectionalDifferentialBFS.initFrontierAndSourceDistance(NewUnidirectionalDifferentialBFS.java:103)
	at ca.waterloo.dsg.graphflow.query.executors.csp.NewUnidirectionalDifferentialBFS.&lt;init&gt;(NewUnidirectionalDifferentialBFS.java:56)
	at ca.waterloo.dsg.graphflow.query.executors.csp.NewUnidirectionalUnweightedDifferentialBFS.&lt;init&gt;(NewUnidirectionalUnweightedDifferentialBFS.java:23)
	at ca.waterloo.dsg.graphflow.query.plans.ContinuousDiffBFSShortestPathPlan.setDiffBFS(ContinuousDiffBFSShortestPathPlan.java:66)
	at ca.waterloo.dsg.graphflow.query.plans.ContinuousDiffBFSShortestPathPlan.&lt;init&gt;(ContinuousDiffBFSShortestPathPlan.java:45)
	at ca.waterloo.dsg.graphflow.query.planner.ContinuousShortestPathPlanner.plan(ContinuousShortestPathPlanner.java:65)
	at ca.waterloo.dsg.graphflow.query.executors.csp.BaseContinuousShortestPathExecutorTest.registerContinuousSPPlan(BaseContinuousShortestPathExecutorTest.java:43)
	at ca.waterloo.dsg.graphflow.query.executors.csp.BaseContinuousUnidirBidirUnweightedShortestPathExecutorTest.registerContinuousSPPlan(BaseContinuousUnidirBidirUnweightedShortestPathExecutorTest.java:764)
	at ca.waterloo.dsg.graphflow.query.executors.csp.BaseContinuousUnidirBidirUnweightedShortestPathExecutorTest.testContinuousShortestPathsNoPath(BaseContinuousUnidirBidirUnweightedShortestPathExecutorTest.java:548)
	at java.base/jdk.internal.reflect.NativeMethodAccessorImpl.invoke0(Native Method)
	at java.base/jdk.internal.reflect.NativeMethodAccessorImpl.invoke(NativeMethodAccessorImpl.java:62)
	at java.base/jdk.internal.reflect.DelegatingMethodAccessorImpl.invoke(DelegatingMethodAccessorImpl.java:43)
	at java.base/java.lang.reflect.Method.invoke(Method.java:566)
	at org.junit.runners.model.FrameworkMethod$1.runReflectiveCall(FrameworkMethod.java:50)
	at org.junit.internal.runners.model.ReflectiveCallable.run(ReflectiveCallable.java:12)
	at org.junit.runners.model.FrameworkMethod.invokeExplosively(FrameworkMethod.java:47)
	at org.junit.internal.runners.statements.InvokeMethod.evaluate(InvokeMethod.java:17)
	at org.junit.internal.runners.statements.RunBefores.evaluate(RunBefores.java:26)
	at org.junit.internal.runners.statements.RunAfters.evaluate(RunAfters.java:27)
	at org.junit.rules.ExternalResource$1.evaluate(ExternalResource.java:48)
	at org.junit.rules.RunRules.evaluate(RunRules.java:20)
	at org.junit.runners.ParentRunner.runLeaf(ParentRunner.java:325)
	at org.junit.runners.BlockJUnit4ClassRunner.runChild(BlockJUnit4ClassRunner.java:78)
	at org.junit.runners.BlockJUnit4ClassRunner.runChild(BlockJUnit4ClassRunner.java:57)
	at org.junit.runners.ParentRunner$3.run(ParentRunner.java:290)
	at org.junit.runners.ParentRunner$1.schedule(ParentRunner.java:71)
	at org.junit.runners.ParentRunner.runChildren(ParentRunner.java:288)
	at org.junit.runners.ParentRunner.access$000(ParentRunner.java:58)
	at org.junit.runners.ParentRunner$2.evaluate(ParentRunner.java:268)
	at org.junit.runners.ParentRunner.run(ParentRunner.java:363)
	at org.gradle.api.internal.tasks.testing.junit.JUnitTestClassExecutor.runTestClass(JUnitTestClassExecutor.java:110)
	at org.gradle.api.internal.tasks.testing.junit.JUnitTestClassExecutor.execute(JUnitTestClassExecutor.java:58)
	at org.gradle.api.internal.tasks.testing.junit.JUnitTestClassExecutor.execute(JUnitTestClassExecutor.java:38)
	at org.gradle.api.internal.tasks.testing.junit.AbstractJUnitTestClassProcessor.processTestClass(AbstractJUnitTestClassProcessor.java:62)
	at org.gradle.api.internal.tasks.testing.SuiteTestClassProcessor.processTestClass(SuiteTestClassProcessor.java:51)
	at java.base/jdk.internal.reflect.NativeMethodAccessorImpl.invoke0(Native Method)
	at java.base/jdk.internal.reflect.NativeMethodAccessorImpl.invoke(NativeMethodAccessorImpl.java:62)
	at java.base/jdk.internal.reflect.DelegatingMethodAccessorImpl.invoke(DelegatingMethodAccessorImpl.java:43)
	at java.base/java.lang.reflect.Method.invoke(Method.java:566)
	at org.gradle.internal.dispatch.ReflectionDispatch.dispatch(ReflectionDispatch.java:36)
	at org.gradle.internal.dispatch.ReflectionDispatch.dispatch(ReflectionDispatch.java:24)
	at org.gradle.internal.dispatch.ContextClassLoaderDispatch.dispatch(ContextClassLoaderDispatch.java:33)
	at org.gradle.internal.dispatch.ProxyDispatchAdapter$DispatchingInvocationHandler.invoke(ProxyDispatchAdapter.java:94)
	at com.sun.proxy.$Proxy2.processTestClass(Unknown Source)
	at org.gradle.api.internal.tasks.testing.worker.TestWorker.processTestClass(TestWorker.java:119)
	at java.base/jdk.internal.reflect.NativeMethodAccessorImpl.invoke0(Native Method)
	at java.base/jdk.internal.reflect.NativeMethodAccessorImpl.invoke(NativeMethodAccessorImpl.java:62)
	at java.base/jdk.internal.reflect.DelegatingMethodAccessorImpl.invoke(DelegatingMethodAccessorImpl.java:43)
	at java.base/java.lang.reflect.Method.invoke(Method.java:566)
	at org.gradle.internal.dispatch.ReflectionDispatch.dispatch(ReflectionDispatch.java:36)
	at org.gradle.internal.dispatch.ReflectionDispatch.dispatch(ReflectionDispatch.java:24)
	at org.gradle.internal.remote.internal.hub.MessageHubBackedObjectConnection$DispatchWrapper.dispatch(MessageHubBackedObjectConnection.java:182)
	at org.gradle.internal.remote.internal.hub.MessageHubBackedObjectConnection$DispatchWrapper.dispatch(MessageHubBackedObjectConnection.java:164)
	at org.gradle.internal.remote.internal.hub.MessageHub$Handler.run(MessageHub.java:414)
	at org.gradle.internal.concurrent.ExecutorPolicy$CatchAndRecordFailures.onExecute(ExecutorPolicy.java:64)
	at org.gradle.internal.concurrent.ManagedExecutorImpl$1.run(ManagedExecutorImpl.java:48)
	at java.base/java.util.concurrent.ThreadPoolExecutor.runWorker(ThreadPoolExecutor.java:1128)
	at java.base/java.util.concurrent.ThreadPoolExecutor$Worker.run(ThreadPoolExecutor.java:628)
	at org.gradle.internal.concurrent.ThreadFactoryImpl$ManagedThreadRunnable.run(ThreadFactoryImpl.java:56)
	at java.base/java.lang.Thread.run(Thread.java:834)
</failure>
  </testcase>
  <testcase name="testContinuousShortestPathsRemovePath" classname="ca.waterloo.dsg.graphflow.query.executors.csp.ContinuousUnidirUnweightedShortestPathExecutorTest" time="0.002">
    <failure message="java.lang.IndexOutOfBoundsException: Index 0 out of bounds for length 0" type="java.lang.IndexOutOfBoundsException">java.lang.IndexOutOfBoundsException: Index 0 out of bounds for length 0
	at java.base/jdk.internal.util.Preconditions.outOfBounds(Preconditions.java:64)
	at java.base/jdk.internal.util.Preconditions.outOfBoundsCheckIndex(Preconditions.java:70)
	at java.base/jdk.internal.util.Preconditions.checkIndex(Preconditions.java:248)
	at java.base/java.util.Objects.checkIndex(Objects.java:372)
	at java.base/java.util.ArrayList.get(ArrayList.java:459)
	at ca.waterloo.dsg.graphflow.query.executors.csp.MultiQueryDiff.getDiffs(MultiQueryDiff.java:84)
	at ca.waterloo.dsg.graphflow.query.executors.csp.Distances.getMergedDiffs(Distances.java:465)
	at ca.waterloo.dsg.graphflow.query.executors.csp.Distances.setVertexDistance(Distances.java:504)
	at ca.waterloo.dsg.graphflow.query.executors.csp.Distances.&lt;init&gt;(Distances.java:233)
	at ca.waterloo.dsg.graphflow.query.executors.csp.NewUnidirectionalDifferentialBFS.initFrontierAndSourceDistance(NewUnidirectionalDifferentialBFS.java:103)
	at ca.waterloo.dsg.graphflow.query.executors.csp.NewUnidirectionalDifferentialBFS.&lt;init&gt;(NewUnidirectionalDifferentialBFS.java:56)
	at ca.waterloo.dsg.graphflow.query.executors.csp.NewUnidirectionalUnweightedDifferentialBFS.&lt;init&gt;(NewUnidirectionalUnweightedDifferentialBFS.java:23)
	at ca.waterloo.dsg.graphflow.query.plans.ContinuousDiffBFSShortestPathPlan.setDiffBFS(ContinuousDiffBFSShortestPathPlan.java:66)
	at ca.waterloo.dsg.graphflow.query.plans.ContinuousDiffBFSShortestPathPlan.&lt;init&gt;(ContinuousDiffBFSShortestPathPlan.java:45)
	at ca.waterloo.dsg.graphflow.query.planner.ContinuousShortestPathPlanner.plan(ContinuousShortestPathPlanner.java:65)
	at ca.waterloo.dsg.graphflow.query.executors.csp.BaseContinuousShortestPathExecutorTest.registerContinuousSPPlan(BaseContinuousShortestPathExecutorTest.java:43)
	at ca.waterloo.dsg.graphflow.query.executors.csp.BaseContinuousUnidirBidirUnweightedShortestPathExecutorTest.registerContinuousSPPlan(BaseContinuousUnidirBidirUnweightedShortestPathExecutorTest.java:764)
	at ca.waterloo.dsg.graphflow.query.executors.csp.BaseContinuousUnidirBidirUnweightedShortestPathExecutorTest.testContinuousShortestPathsRemovePath(BaseContinuousUnidirBidirUnweightedShortestPathExecutorTest.java:489)
	at java.base/jdk.internal.reflect.NativeMethodAccessorImpl.invoke0(Native Method)
	at java.base/jdk.internal.reflect.NativeMethodAccessorImpl.invoke(NativeMethodAccessorImpl.java:62)
	at java.base/jdk.internal.reflect.DelegatingMethodAccessorImpl.invoke(DelegatingMethodAccessorImpl.java:43)
	at java.base/java.lang.reflect.Method.invoke(Method.java:566)
	at org.junit.runners.model.FrameworkMethod$1.runReflectiveCall(FrameworkMethod.java:50)
	at org.junit.internal.runners.model.ReflectiveCallable.run(ReflectiveCallable.java:12)
	at org.junit.runners.model.FrameworkMethod.invokeExplosively(FrameworkMethod.java:47)
	at org.junit.internal.runners.statements.InvokeMethod.evaluate(InvokeMethod.java:17)
	at org.junit.internal.runners.statements.RunBefores.evaluate(RunBefores.java:26)
	at org.junit.internal.runners.statements.RunAfters.evaluate(RunAfters.java:27)
	at org.junit.rules.ExternalResource$1.evaluate(ExternalResource.java:48)
	at org.junit.rules.RunRules.evaluate(RunRules.java:20)
	at org.junit.runners.ParentRunner.runLeaf(ParentRunner.java:325)
	at org.junit.runners.BlockJUnit4ClassRunner.runChild(BlockJUnit4ClassRunner.java:78)
	at org.junit.runners.BlockJUnit4ClassRunner.runChild(BlockJUnit4ClassRunner.java:57)
	at org.junit.runners.ParentRunner$3.run(ParentRunner.java:290)
	at org.junit.runners.ParentRunner$1.schedule(ParentRunner.java:71)
	at org.junit.runners.ParentRunner.runChildren(ParentRunner.java:288)
	at org.junit.runners.ParentRunner.access$000(ParentRunner.java:58)
	at org.junit.runners.ParentRunner$2.evaluate(ParentRunner.java:268)
	at org.junit.runners.ParentRunner.run(ParentRunner.java:363)
	at org.gradle.api.internal.tasks.testing.junit.JUnitTestClassExecutor.runTestClass(JUnitTestClassExecutor.java:110)
	at org.gradle.api.internal.tasks.testing.junit.JUnitTestClassExecutor.execute(JUnitTestClassExecutor.java:58)
	at org.gradle.api.internal.tasks.testing.junit.JUnitTestClassExecutor.execute(JUnitTestClassExecutor.java:38)
	at org.gradle.api.internal.tasks.testing.junit.AbstractJUnitTestClassProcessor.processTestClass(AbstractJUnitTestClassProcessor.java:62)
	at org.gradle.api.internal.tasks.testing.SuiteTestClassProcessor.processTestClass(SuiteTestClassProcessor.java:51)
	at java.base/jdk.internal.reflect.NativeMethodAccessorImpl.invoke0(Native Method)
	at java.base/jdk.internal.reflect.NativeMethodAccessorImpl.invoke(NativeMethodAccessorImpl.java:62)
	at java.base/jdk.internal.reflect.DelegatingMethodAccessorImpl.invoke(DelegatingMethodAccessorImpl.java:43)
	at java.base/java.lang.reflect.Method.invoke(Method.java:566)
	at org.gradle.internal.dispatch.ReflectionDispatch.dispatch(ReflectionDispatch.java:36)
	at org.gradle.internal.dispatch.ReflectionDispatch.dispatch(ReflectionDispatch.java:24)
	at org.gradle.internal.dispatch.ContextClassLoaderDispatch.dispatch(ContextClassLoaderDispatch.java:33)
	at org.gradle.internal.dispatch.ProxyDispatchAdapter$DispatchingInvocationHandler.invoke(ProxyDispatchAdapter.java:94)
	at com.sun.proxy.$Proxy2.processTestClass(Unknown Source)
	at org.gradle.api.internal.tasks.testing.worker.TestWorker.processTestClass(TestWorker.java:119)
	at java.base/jdk.internal.reflect.NativeMethodAccessorImpl.invoke0(Native Method)
	at java.base/jdk.internal.reflect.NativeMethodAccessorImpl.invoke(NativeMethodAccessorImpl.java:62)
	at java.base/jdk.internal.reflect.DelegatingMethodAccessorImpl.invoke(DelegatingMethodAccessorImpl.java:43)
	at java.base/java.lang.reflect.Method.invoke(Method.java:566)
	at org.gradle.internal.dispatch.ReflectionDispatch.dispatch(ReflectionDispatch.java:36)
	at org.gradle.internal.dispatch.ReflectionDispatch.dispatch(ReflectionDispatch.java:24)
	at org.gradle.internal.remote.internal.hub.MessageHubBackedObjectConnection$DispatchWrapper.dispatch(MessageHubBackedObjectConnection.java:182)
	at org.gradle.internal.remote.internal.hub.MessageHubBackedObjectConnection$DispatchWrapper.dispatch(MessageHubBackedObjectConnection.java:164)
	at org.gradle.internal.remote.internal.hub.MessageHub$Handler.run(MessageHub.java:414)
	at org.gradle.internal.concurrent.ExecutorPolicy$CatchAndRecordFailures.onExecute(ExecutorPolicy.java:64)
	at org.gradle.internal.concurrent.ManagedExecutorImpl$1.run(ManagedExecutorImpl.java:48)
	at java.base/java.util.concurrent.ThreadPoolExecutor.runWorker(ThreadPoolExecutor.java:1128)
	at java.base/java.util.concurrent.ThreadPoolExecutor$Worker.run(ThreadPoolExecutor.java:628)
	at org.gradle.internal.concurrent.ThreadFactoryImpl$ManagedThreadRunnable.run(ThreadFactoryImpl.java:56)
	at java.base/java.lang.Thread.run(Thread.java:834)
</failure>
  </testcase>
  <testcase name="testContinuousShortestPathsAddEquilengthNewPath" classname="ca.waterloo.dsg.graphflow.query.executors.csp.ContinuousUnidirUnweightedShortestPathExecutorTest" time="0.002">
    <failure message="java.lang.IndexOutOfBoundsException: Index 0 out of bounds for length 0" type="java.lang.IndexOutOfBoundsException">java.lang.IndexOutOfBoundsException: Index 0 out of bounds for length 0
	at java.base/jdk.internal.util.Preconditions.outOfBounds(Preconditions.java:64)
	at java.base/jdk.internal.util.Preconditions.outOfBoundsCheckIndex(Preconditions.java:70)
	at java.base/jdk.internal.util.Preconditions.checkIndex(Preconditions.java:248)
	at java.base/java.util.Objects.checkIndex(Objects.java:372)
	at java.base/java.util.ArrayList.get(ArrayList.java:459)
	at ca.waterloo.dsg.graphflow.query.executors.csp.MultiQueryDiff.getDiffs(MultiQueryDiff.java:84)
	at ca.waterloo.dsg.graphflow.query.executors.csp.Distances.getMergedDiffs(Distances.java:465)
	at ca.waterloo.dsg.graphflow.query.executors.csp.Distances.setVertexDistance(Distances.java:504)
	at ca.waterloo.dsg.graphflow.query.executors.csp.Distances.&lt;init&gt;(Distances.java:233)
	at ca.waterloo.dsg.graphflow.query.executors.csp.NewUnidirectionalDifferentialBFS.initFrontierAndSourceDistance(NewUnidirectionalDifferentialBFS.java:103)
	at ca.waterloo.dsg.graphflow.query.executors.csp.NewUnidirectionalDifferentialBFS.&lt;init&gt;(NewUnidirectionalDifferentialBFS.java:56)
	at ca.waterloo.dsg.graphflow.query.executors.csp.NewUnidirectionalUnweightedDifferentialBFS.&lt;init&gt;(NewUnidirectionalUnweightedDifferentialBFS.java:23)
	at ca.waterloo.dsg.graphflow.query.plans.ContinuousDiffBFSShortestPathPlan.setDiffBFS(ContinuousDiffBFSShortestPathPlan.java:66)
	at ca.waterloo.dsg.graphflow.query.plans.ContinuousDiffBFSShortestPathPlan.&lt;init&gt;(ContinuousDiffBFSShortestPathPlan.java:45)
	at ca.waterloo.dsg.graphflow.query.planner.ContinuousShortestPathPlanner.plan(ContinuousShortestPathPlanner.java:65)
	at ca.waterloo.dsg.graphflow.query.executors.csp.BaseContinuousShortestPathExecutorTest.registerContinuousSPPlan(BaseContinuousShortestPathExecutorTest.java:43)
	at ca.waterloo.dsg.graphflow.query.executors.csp.BaseContinuousUnidirBidirUnweightedShortestPathExecutorTest.registerContinuousSPPlan(BaseContinuousUnidirBidirUnweightedShortestPathExecutorTest.java:764)
	at ca.waterloo.dsg.graphflow.query.executors.csp.BaseContinuousUnidirBidirUnweightedShortestPathExecutorTest.testContinuousShortestPathsAddEquilengthNewPath(BaseContinuousUnidirBidirUnweightedShortestPathExecutorTest.java:434)
	at java.base/jdk.internal.reflect.NativeMethodAccessorImpl.invoke0(Native Method)
	at java.base/jdk.internal.reflect.NativeMethodAccessorImpl.invoke(NativeMethodAccessorImpl.java:62)
	at java.base/jdk.internal.reflect.DelegatingMethodAccessorImpl.invoke(DelegatingMethodAccessorImpl.java:43)
	at java.base/java.lang.reflect.Method.invoke(Method.java:566)
	at org.junit.runners.model.FrameworkMethod$1.runReflectiveCall(FrameworkMethod.java:50)
	at org.junit.internal.runners.model.ReflectiveCallable.run(ReflectiveCallable.java:12)
	at org.junit.runners.model.FrameworkMethod.invokeExplosively(FrameworkMethod.java:47)
	at org.junit.internal.runners.statements.InvokeMethod.evaluate(InvokeMethod.java:17)
	at org.junit.internal.runners.statements.RunBefores.evaluate(RunBefores.java:26)
	at org.junit.internal.runners.statements.RunAfters.evaluate(RunAfters.java:27)
	at org.junit.rules.ExternalResource$1.evaluate(ExternalResource.java:48)
	at org.junit.rules.RunRules.evaluate(RunRules.java:20)
	at org.junit.runners.ParentRunner.runLeaf(ParentRunner.java:325)
	at org.junit.runners.BlockJUnit4ClassRunner.runChild(BlockJUnit4ClassRunner.java:78)
	at org.junit.runners.BlockJUnit4ClassRunner.runChild(BlockJUnit4ClassRunner.java:57)
	at org.junit.runners.ParentRunner$3.run(ParentRunner.java:290)
	at org.junit.runners.ParentRunner$1.schedule(ParentRunner.java:71)
	at org.junit.runners.ParentRunner.runChildren(ParentRunner.java:288)
	at org.junit.runners.ParentRunner.access$000(ParentRunner.java:58)
	at org.junit.runners.ParentRunner$2.evaluate(ParentRunner.java:268)
	at org.junit.runners.ParentRunner.run(ParentRunner.java:363)
	at org.gradle.api.internal.tasks.testing.junit.JUnitTestClassExecutor.runTestClass(JUnitTestClassExecutor.java:110)
	at org.gradle.api.internal.tasks.testing.junit.JUnitTestClassExecutor.execute(JUnitTestClassExecutor.java:58)
	at org.gradle.api.internal.tasks.testing.junit.JUnitTestClassExecutor.execute(JUnitTestClassExecutor.java:38)
	at org.gradle.api.internal.tasks.testing.junit.AbstractJUnitTestClassProcessor.processTestClass(AbstractJUnitTestClassProcessor.java:62)
	at org.gradle.api.internal.tasks.testing.SuiteTestClassProcessor.processTestClass(SuiteTestClassProcessor.java:51)
	at java.base/jdk.internal.reflect.NativeMethodAccessorImpl.invoke0(Native Method)
	at java.base/jdk.internal.reflect.NativeMethodAccessorImpl.invoke(NativeMethodAccessorImpl.java:62)
	at java.base/jdk.internal.reflect.DelegatingMethodAccessorImpl.invoke(DelegatingMethodAccessorImpl.java:43)
	at java.base/java.lang.reflect.Method.invoke(Method.java:566)
	at org.gradle.internal.dispatch.ReflectionDispatch.dispatch(ReflectionDispatch.java:36)
	at org.gradle.internal.dispatch.ReflectionDispatch.dispatch(ReflectionDispatch.java:24)
	at org.gradle.internal.dispatch.ContextClassLoaderDispatch.dispatch(ContextClassLoaderDispatch.java:33)
	at org.gradle.internal.dispatch.ProxyDispatchAdapter$DispatchingInvocationHandler.invoke(ProxyDispatchAdapter.java:94)
	at com.sun.proxy.$Proxy2.processTestClass(Unknown Source)
	at org.gradle.api.internal.tasks.testing.worker.TestWorker.processTestClass(TestWorker.java:119)
	at java.base/jdk.internal.reflect.NativeMethodAccessorImpl.invoke0(Native Method)
	at java.base/jdk.internal.reflect.NativeMethodAccessorImpl.invoke(NativeMethodAccessorImpl.java:62)
	at java.base/jdk.internal.reflect.DelegatingMethodAccessorImpl.invoke(DelegatingMethodAccessorImpl.java:43)
	at java.base/java.lang.reflect.Method.invoke(Method.java:566)
	at org.gradle.internal.dispatch.ReflectionDispatch.dispatch(ReflectionDispatch.java:36)
	at org.gradle.internal.dispatch.ReflectionDispatch.dispatch(ReflectionDispatch.java:24)
	at org.gradle.internal.remote.internal.hub.MessageHubBackedObjectConnection$DispatchWrapper.dispatch(MessageHubBackedObjectConnection.java:182)
	at org.gradle.internal.remote.internal.hub.MessageHubBackedObjectConnection$DispatchWrapper.dispatch(MessageHubBackedObjectConnection.java:164)
	at org.gradle.internal.remote.internal.hub.MessageHub$Handler.run(MessageHub.java:414)
	at org.gradle.internal.concurrent.ExecutorPolicy$CatchAndRecordFailures.onExecute(ExecutorPolicy.java:64)
	at org.gradle.internal.concurrent.ManagedExecutorImpl$1.run(ManagedExecutorImpl.java:48)
	at java.base/java.util.concurrent.ThreadPoolExecutor.runWorker(ThreadPoolExecutor.java:1128)
	at java.base/java.util.concurrent.ThreadPoolExecutor$Worker.run(ThreadPoolExecutor.java:628)
	at org.gradle.internal.concurrent.ThreadFactoryImpl$ManagedThreadRunnable.run(ThreadFactoryImpl.java:56)
	at java.base/java.lang.Thread.run(Thread.java:834)
</failure>
  </testcase>
  <testcase name="testContinuousShortestPathsAddVertices" classname="ca.waterloo.dsg.graphflow.query.executors.csp.ContinuousUnidirUnweightedShortestPathExecutorTest" time="0.003">
    <failure message="java.lang.IndexOutOfBoundsException: Index 0 out of bounds for length 0" type="java.lang.IndexOutOfBoundsException">java.lang.IndexOutOfBoundsException: Index 0 out of bounds for length 0
	at java.base/jdk.internal.util.Preconditions.outOfBounds(Preconditions.java:64)
	at java.base/jdk.internal.util.Preconditions.outOfBoundsCheckIndex(Preconditions.java:70)
	at java.base/jdk.internal.util.Preconditions.checkIndex(Preconditions.java:248)
	at java.base/java.util.Objects.checkIndex(Objects.java:372)
	at java.base/java.util.ArrayList.get(ArrayList.java:459)
	at ca.waterloo.dsg.graphflow.query.executors.csp.MultiQueryDiff.getDiffs(MultiQueryDiff.java:84)
	at ca.waterloo.dsg.graphflow.query.executors.csp.Distances.getMergedDiffs(Distances.java:465)
	at ca.waterloo.dsg.graphflow.query.executors.csp.Distances.setVertexDistance(Distances.java:504)
	at ca.waterloo.dsg.graphflow.query.executors.csp.Distances.&lt;init&gt;(Distances.java:233)
	at ca.waterloo.dsg.graphflow.query.executors.csp.NewUnidirectionalDifferentialBFS.initFrontierAndSourceDistance(NewUnidirectionalDifferentialBFS.java:103)
	at ca.waterloo.dsg.graphflow.query.executors.csp.NewUnidirectionalDifferentialBFS.&lt;init&gt;(NewUnidirectionalDifferentialBFS.java:56)
	at ca.waterloo.dsg.graphflow.query.executors.csp.NewUnidirectionalUnweightedDifferentialBFS.&lt;init&gt;(NewUnidirectionalUnweightedDifferentialBFS.java:23)
	at ca.waterloo.dsg.graphflow.query.plans.ContinuousDiffBFSShortestPathPlan.setDiffBFS(ContinuousDiffBFSShortestPathPlan.java:66)
	at ca.waterloo.dsg.graphflow.query.plans.ContinuousDiffBFSShortestPathPlan.&lt;init&gt;(ContinuousDiffBFSShortestPathPlan.java:45)
	at ca.waterloo.dsg.graphflow.query.planner.ContinuousShortestPathPlanner.plan(ContinuousShortestPathPlanner.java:65)
	at ca.waterloo.dsg.graphflow.query.executors.csp.BaseContinuousShortestPathExecutorTest.registerContinuousSPPlan(BaseContinuousShortestPathExecutorTest.java:43)
	at ca.waterloo.dsg.graphflow.query.executors.csp.BaseContinuousUnidirBidirUnweightedShortestPathExecutorTest.registerContinuousSPPlan(BaseContinuousUnidirBidirUnweightedShortestPathExecutorTest.java:764)
	at ca.waterloo.dsg.graphflow.query.executors.csp.BaseContinuousUnidirBidirUnweightedShortestPathExecutorTest.testContinuousShortestPathsAddVertices(BaseContinuousUnidirBidirUnweightedShortestPathExecutorTest.java:358)
	at java.base/jdk.internal.reflect.NativeMethodAccessorImpl.invoke0(Native Method)
	at java.base/jdk.internal.reflect.NativeMethodAccessorImpl.invoke(NativeMethodAccessorImpl.java:62)
	at java.base/jdk.internal.reflect.DelegatingMethodAccessorImpl.invoke(DelegatingMethodAccessorImpl.java:43)
	at java.base/java.lang.reflect.Method.invoke(Method.java:566)
	at org.junit.runners.model.FrameworkMethod$1.runReflectiveCall(FrameworkMethod.java:50)
	at org.junit.internal.runners.model.ReflectiveCallable.run(ReflectiveCallable.java:12)
	at org.junit.runners.model.FrameworkMethod.invokeExplosively(FrameworkMethod.java:47)
	at org.junit.internal.runners.statements.InvokeMethod.evaluate(InvokeMethod.java:17)
	at org.junit.internal.runners.statements.RunBefores.evaluate(RunBefores.java:26)
	at org.junit.internal.runners.statements.RunAfters.evaluate(RunAfters.java:27)
	at org.junit.rules.ExternalResource$1.evaluate(ExternalResource.java:48)
	at org.junit.rules.RunRules.evaluate(RunRules.java:20)
	at org.junit.runners.ParentRunner.runLeaf(ParentRunner.java:325)
	at org.junit.runners.BlockJUnit4ClassRunner.runChild(BlockJUnit4ClassRunner.java:78)
	at org.junit.runners.BlockJUnit4ClassRunner.runChild(BlockJUnit4ClassRunner.java:57)
	at org.junit.runners.ParentRunner$3.run(ParentRunner.java:290)
	at org.junit.runners.ParentRunner$1.schedule(ParentRunner.java:71)
	at org.junit.runners.ParentRunner.runChildren(ParentRunner.java:288)
	at org.junit.runners.ParentRunner.access$000(ParentRunner.java:58)
	at org.junit.runners.ParentRunner$2.evaluate(ParentRunner.java:268)
	at org.junit.runners.ParentRunner.run(ParentRunner.java:363)
	at org.gradle.api.internal.tasks.testing.junit.JUnitTestClassExecutor.runTestClass(JUnitTestClassExecutor.java:110)
	at org.gradle.api.internal.tasks.testing.junit.JUnitTestClassExecutor.execute(JUnitTestClassExecutor.java:58)
	at org.gradle.api.internal.tasks.testing.junit.JUnitTestClassExecutor.execute(JUnitTestClassExecutor.java:38)
	at org.gradle.api.internal.tasks.testing.junit.AbstractJUnitTestClassProcessor.processTestClass(AbstractJUnitTestClassProcessor.java:62)
	at org.gradle.api.internal.tasks.testing.SuiteTestClassProcessor.processTestClass(SuiteTestClassProcessor.java:51)
	at java.base/jdk.internal.reflect.NativeMethodAccessorImpl.invoke0(Native Method)
	at java.base/jdk.internal.reflect.NativeMethodAccessorImpl.invoke(NativeMethodAccessorImpl.java:62)
	at java.base/jdk.internal.reflect.DelegatingMethodAccessorImpl.invoke(DelegatingMethodAccessorImpl.java:43)
	at java.base/java.lang.reflect.Method.invoke(Method.java:566)
	at org.gradle.internal.dispatch.ReflectionDispatch.dispatch(ReflectionDispatch.java:36)
	at org.gradle.internal.dispatch.ReflectionDispatch.dispatch(ReflectionDispatch.java:24)
	at org.gradle.internal.dispatch.ContextClassLoaderDispatch.dispatch(ContextClassLoaderDispatch.java:33)
	at org.gradle.internal.dispatch.ProxyDispatchAdapter$DispatchingInvocationHandler.invoke(ProxyDispatchAdapter.java:94)
	at com.sun.proxy.$Proxy2.processTestClass(Unknown Source)
	at org.gradle.api.internal.tasks.testing.worker.TestWorker.processTestClass(TestWorker.java:119)
	at java.base/jdk.internal.reflect.NativeMethodAccessorImpl.invoke0(Native Method)
	at java.base/jdk.internal.reflect.NativeMethodAccessorImpl.invoke(NativeMethodAccessorImpl.java:62)
	at java.base/jdk.internal.reflect.DelegatingMethodAccessorImpl.invoke(DelegatingMethodAccessorImpl.java:43)
	at java.base/java.lang.reflect.Method.invoke(Method.java:566)
	at org.gradle.internal.dispatch.ReflectionDispatch.dispatch(ReflectionDispatch.java:36)
	at org.gradle.internal.dispatch.ReflectionDispatch.dispatch(ReflectionDispatch.java:24)
	at org.gradle.internal.remote.internal.hub.MessageHubBackedObjectConnection$DispatchWrapper.dispatch(MessageHubBackedObjectConnection.java:182)
	at org.gradle.internal.remote.internal.hub.MessageHubBackedObjectConnection$DispatchWrapper.dispatch(MessageHubBackedObjectConnection.java:164)
	at org.gradle.internal.remote.internal.hub.MessageHub$Handler.run(MessageHub.java:414)
	at org.gradle.internal.concurrent.ExecutorPolicy$CatchAndRecordFailures.onExecute(ExecutorPolicy.java:64)
	at org.gradle.internal.concurrent.ManagedExecutorImpl$1.run(ManagedExecutorImpl.java:48)
	at java.base/java.util.concurrent.ThreadPoolExecutor.runWorker(ThreadPoolExecutor.java:1128)
	at java.base/java.util.concurrent.ThreadPoolExecutor$Worker.run(ThreadPoolExecutor.java:628)
	at org.gradle.internal.concurrent.ThreadFactoryImpl$ManagedThreadRunnable.run(ThreadFactoryImpl.java:56)
	at java.base/java.lang.Thread.run(Thread.java:834)
</failure>
  </testcase>
  <testcase name="testDeletion" classname="ca.waterloo.dsg.graphflow.query.executors.csp.ContinuousUnidirUnweightedShortestPathExecutorTest" time="0.003">
    <failure message="java.lang.IndexOutOfBoundsException: Index 0 out of bounds for length 0" type="java.lang.IndexOutOfBoundsException">java.lang.IndexOutOfBoundsException: Index 0 out of bounds for length 0
	at java.base/jdk.internal.util.Preconditions.outOfBounds(Preconditions.java:64)
	at java.base/jdk.internal.util.Preconditions.outOfBoundsCheckIndex(Preconditions.java:70)
	at java.base/jdk.internal.util.Preconditions.checkIndex(Preconditions.java:248)
	at java.base/java.util.Objects.checkIndex(Objects.java:372)
	at java.base/java.util.ArrayList.get(ArrayList.java:459)
	at ca.waterloo.dsg.graphflow.query.executors.csp.MultiQueryDiff.getDiffs(MultiQueryDiff.java:84)
	at ca.waterloo.dsg.graphflow.query.executors.csp.Distances.getMergedDiffs(Distances.java:465)
	at ca.waterloo.dsg.graphflow.query.executors.csp.Distances.setVertexDistance(Distances.java:504)
	at ca.waterloo.dsg.graphflow.query.executors.csp.Distances.&lt;init&gt;(Distances.java:233)
	at ca.waterloo.dsg.graphflow.query.executors.csp.NewUnidirectionalDifferentialBFS.initFrontierAndSourceDistance(NewUnidirectionalDifferentialBFS.java:103)
	at ca.waterloo.dsg.graphflow.query.executors.csp.NewUnidirectionalDifferentialBFS.&lt;init&gt;(NewUnidirectionalDifferentialBFS.java:56)
	at ca.waterloo.dsg.graphflow.query.executors.csp.NewUnidirectionalUnweightedDifferentialBFS.&lt;init&gt;(NewUnidirectionalUnweightedDifferentialBFS.java:23)
	at ca.waterloo.dsg.graphflow.query.plans.ContinuousDiffBFSShortestPathPlan.setDiffBFS(ContinuousDiffBFSShortestPathPlan.java:66)
	at ca.waterloo.dsg.graphflow.query.plans.ContinuousDiffBFSShortestPathPlan.&lt;init&gt;(ContinuousDiffBFSShortestPathPlan.java:45)
	at ca.waterloo.dsg.graphflow.query.planner.ContinuousShortestPathPlanner.plan(ContinuousShortestPathPlanner.java:65)
	at ca.waterloo.dsg.graphflow.query.executors.csp.BaseContinuousShortestPathExecutorTest.registerContinuousSPPlan(BaseContinuousShortestPathExecutorTest.java:43)
	at ca.waterloo.dsg.graphflow.query.executors.csp.BaseContinuousUnidirBidirUnweightedShortestPathExecutorTest.registerContinuousSPPlan(BaseContinuousUnidirBidirUnweightedShortestPathExecutorTest.java:764)
	at ca.waterloo.dsg.graphflow.query.executors.csp.BaseContinuousUnidirBidirUnweightedShortestPathExecutorTest.testDeletion(BaseContinuousUnidirBidirUnweightedShortestPathExecutorTest.java:687)
	at java.base/jdk.internal.reflect.NativeMethodAccessorImpl.invoke0(Native Method)
	at java.base/jdk.internal.reflect.NativeMethodAccessorImpl.invoke(NativeMethodAccessorImpl.java:62)
	at java.base/jdk.internal.reflect.DelegatingMethodAccessorImpl.invoke(DelegatingMethodAccessorImpl.java:43)
	at java.base/java.lang.reflect.Method.invoke(Method.java:566)
	at org.junit.runners.model.FrameworkMethod$1.runReflectiveCall(FrameworkMethod.java:50)
	at org.junit.internal.runners.model.ReflectiveCallable.run(ReflectiveCallable.java:12)
	at org.junit.runners.model.FrameworkMethod.invokeExplosively(FrameworkMethod.java:47)
	at org.junit.internal.runners.statements.InvokeMethod.evaluate(InvokeMethod.java:17)
	at org.junit.internal.runners.statements.RunBefores.evaluate(RunBefores.java:26)
	at org.junit.internal.runners.statements.RunAfters.evaluate(RunAfters.java:27)
	at org.junit.rules.ExternalResource$1.evaluate(ExternalResource.java:48)
	at org.junit.rules.RunRules.evaluate(RunRules.java:20)
	at org.junit.runners.ParentRunner.runLeaf(ParentRunner.java:325)
	at org.junit.runners.BlockJUnit4ClassRunner.runChild(BlockJUnit4ClassRunner.java:78)
	at org.junit.runners.BlockJUnit4ClassRunner.runChild(BlockJUnit4ClassRunner.java:57)
	at org.junit.runners.ParentRunner$3.run(ParentRunner.java:290)
	at org.junit.runners.ParentRunner$1.schedule(ParentRunner.java:71)
	at org.junit.runners.ParentRunner.runChildren(ParentRunner.java:288)
	at org.junit.runners.ParentRunner.access$000(ParentRunner.java:58)
	at org.junit.runners.ParentRunner$2.evaluate(ParentRunner.java:268)
	at org.junit.runners.ParentRunner.run(ParentRunner.java:363)
	at org.gradle.api.internal.tasks.testing.junit.JUnitTestClassExecutor.runTestClass(JUnitTestClassExecutor.java:110)
	at org.gradle.api.internal.tasks.testing.junit.JUnitTestClassExecutor.execute(JUnitTestClassExecutor.java:58)
	at org.gradle.api.internal.tasks.testing.junit.JUnitTestClassExecutor.execute(JUnitTestClassExecutor.java:38)
	at org.gradle.api.internal.tasks.testing.junit.AbstractJUnitTestClassProcessor.processTestClass(AbstractJUnitTestClassProcessor.java:62)
	at org.gradle.api.internal.tasks.testing.SuiteTestClassProcessor.processTestClass(SuiteTestClassProcessor.java:51)
	at java.base/jdk.internal.reflect.NativeMethodAccessorImpl.invoke0(Native Method)
	at java.base/jdk.internal.reflect.NativeMethodAccessorImpl.invoke(NativeMethodAccessorImpl.java:62)
	at java.base/jdk.internal.reflect.DelegatingMethodAccessorImpl.invoke(DelegatingMethodAccessorImpl.java:43)
	at java.base/java.lang.reflect.Method.invoke(Method.java:566)
	at org.gradle.internal.dispatch.ReflectionDispatch.dispatch(ReflectionDispatch.java:36)
	at org.gradle.internal.dispatch.ReflectionDispatch.dispatch(ReflectionDispatch.java:24)
	at org.gradle.internal.dispatch.ContextClassLoaderDispatch.dispatch(ContextClassLoaderDispatch.java:33)
	at org.gradle.internal.dispatch.ProxyDispatchAdapter$DispatchingInvocationHandler.invoke(ProxyDispatchAdapter.java:94)
	at com.sun.proxy.$Proxy2.processTestClass(Unknown Source)
	at org.gradle.api.internal.tasks.testing.worker.TestWorker.processTestClass(TestWorker.java:119)
	at java.base/jdk.internal.reflect.NativeMethodAccessorImpl.invoke0(Native Method)
	at java.base/jdk.internal.reflect.NativeMethodAccessorImpl.invoke(NativeMethodAccessorImpl.java:62)
	at java.base/jdk.internal.reflect.DelegatingMethodAccessorImpl.invoke(DelegatingMethodAccessorImpl.java:43)
	at java.base/java.lang.reflect.Method.invoke(Method.java:566)
	at org.gradle.internal.dispatch.ReflectionDispatch.dispatch(ReflectionDispatch.java:36)
	at org.gradle.internal.dispatch.ReflectionDispatch.dispatch(ReflectionDispatch.java:24)
	at org.gradle.internal.remote.internal.hub.MessageHubBackedObjectConnection$DispatchWrapper.dispatch(MessageHubBackedObjectConnection.java:182)
	at org.gradle.internal.remote.internal.hub.MessageHubBackedObjectConnection$DispatchWrapper.dispatch(MessageHubBackedObjectConnection.java:164)
	at org.gradle.internal.remote.internal.hub.MessageHub$Handler.run(MessageHub.java:414)
	at org.gradle.internal.concurrent.ExecutorPolicy$CatchAndRecordFailures.onExecute(ExecutorPolicy.java:64)
	at org.gradle.internal.concurrent.ManagedExecutorImpl$1.run(ManagedExecutorImpl.java:48)
	at java.base/java.util.concurrent.ThreadPoolExecutor.runWorker(ThreadPoolExecutor.java:1128)
	at java.base/java.util.concurrent.ThreadPoolExecutor$Worker.run(ThreadPoolExecutor.java:628)
	at org.gradle.internal.concurrent.ThreadFactoryImpl$ManagedThreadRunnable.run(ThreadFactoryImpl.java:56)
	at java.base/java.lang.Thread.run(Thread.java:834)
</failure>
  </testcase>
  <system-out><![CDATA[Create query: 
CREATE (3:Person)-[:FOLLOWS]->(4:Person), (4:Person)-[:FOLLOWS]->(5:Person), (5:Person)-[:FOLLOWS]->(6:Person), (6:Person)-[:FOLLOWS]->(5:Person), (6:Person)-[:FOLLOWS]->(7:Person), (5:Person)-[:FOLLOWS]->(11:Person), (11:Person)-[:FOLLOWS]->(12:Person), (7:Person)-[:FOLLOWS]->(8:Person), (8:Person)-[:FOLLOWS]->(9:Person), (9:Person)-[:FOLLOWS]->(10:Person);
Create query: 
CREATE (1:Person)-[:FOLLOWS]->(2:Person), (2:Person)-[:FOLLOWS]->(3:Person), (3:Person)-[:FOLLOWS]->(4:Person), (4:Person)-[:FOLLOWS]->(5:Person), (5:Person)-[:FOLLOWS]->(6:Person), (6:Person)-[:FOLLOWS]->(7:Person), (7:Person)-[:FOLLOWS]->(8:Person);
Create query: 
CREATE (1:Person)-[:FOLLOWS]->(2:Person), (2:Person)-[:FOLLOWS]->(3:Person), (2:Person)-[:FOLLOWS]->(6:Person), (2:Person)-[:FOLLOWS]->(8:Person), (3:Person)-[:FOLLOWS]->(4:Person), (4:Person)-[:FOLLOWS]->(5:Person), (6:Person)-[:FOLLOWS]->(7:Person);
Create query: 
CREATE (1:Person)-[:FOLLOWS]->(2:Person), (2:Person)-[:FOLLOWS]->(3:Person), (2:Person)-[:FOLLOWS]->(4:Person), (3:Person)-[:FOLLOWS]->(2:Person);
Create query: 
CREATE (1:Person)-[:FOLLOWS]->(5:Person), (2:Person)-[:FOLLOWS]->(5:Person), (2:Person)-[:FOLLOWS]->(8:Person), (3:Person)-[:FOLLOWS]->(5:Person), (3:Person)-[:FOLLOWS]->(7:Person), (4:Person)-[:FOLLOWS]->(2:Person), (5:Person)-[:FOLLOWS]->(1:Person), (5:Person)-[:FOLLOWS]->(3:Person), (6:Person)-[:FOLLOWS]->(4:Person), (6:Person)-[:FOLLOWS]->(1:Person), (7:Person)-[:FOLLOWS]->(4:Person), (7:Person)-[:FOLLOWS]->(6:Person), (8:Person)-[:FOLLOWS]->(2:Person);
Create query: 
CREATE (1:Person)-[:FOLLOWS]->(2:Person), (1:Person)-[:FOLLOWS]->(5:Person), (2:Person)-[:FOLLOWS]->(3:Person), (3:Person)-[:FOLLOWS]->(4:Person), (4:Person)-[:FOLLOWS]->(5:Person), (5:Person)-[:FOLLOWS]->(6:Person);
Create query: 
CREATE (1:Person)-[:FOLLOWS]->(2:Person), (1:Person)-[:FOLLOWS]->(8:Person), (2:Person)-[:FOLLOWS]->(3:Person), (3:Person)-[:FOLLOWS]->(4:Person), (4:Person)-[:FOLLOWS]->(5:Person), (5:Person)-[:FOLLOWS]->(6:Person), (8:Person)-[:FOLLOWS]->(6:Person);
Create query: 
CREATE (1:Person)-[:FOLLOWS]->(2:Person), (2:Person)-[:FOLLOWS]->(3:Person), (3:Person)-[:FOLLOWS]->(4:Person);
Create query: 
CREATE (1:Person)-[:FOLLOWS]->(5:Person), (2:Person)-[:FOLLOWS]->(3:Person), (3:Person)-[:FOLLOWS]->(4:Person), (4:Person)-[:FOLLOWS]->(2:Person), (4:Person)-[:FOLLOWS]->(3:Person), (4:Person)-[:FOLLOWS]->(5:Person);
Create query: 
CREATE (5:Person)-[:FOLLOWS]->(3:Person);
Create query: 
CREATE (1:Person)-[:FOLLOWS]->(5:Person), (2:Person)-[:FOLLOWS]->(5:Person), (3:Person)-[:FOLLOWS]->(5:Person), (3:Person)-[:FOLLOWS]->(4:Person), (4:Person)-[:FOLLOWS]->(2:Person), (4:Person)-[:FOLLOWS]->(3:Person), (4:Person)-[:FOLLOWS]->(5:Person), (5:Person)-[:FOLLOWS]->(1:Person), (5:Person)-[:FOLLOWS]->(3:Person);
Create query: 
CREATE (1:Person)-[:FOLLOWS]->(5:Person), (2:Person)-[:FOLLOWS]->(5:Person), (3:Person)-[:FOLLOWS]->(5:Person), (3:Person)-[:FOLLOWS]->(4:Person), (4:Person)-[:FOLLOWS]->(2:Person), (4:Person)-[:FOLLOWS]->(3:Person), (4:Person)-[:FOLLOWS]->(5:Person), (5:Person)-[:FOLLOWS]->(1:Person), (5:Person)-[:FOLLOWS]->(3:Person);
Create query: 
CREATE (1:Person)-[:FOLLOWS]->(2:Person), (1:Person)-[:FOLLOWS]->(5:Person), (2:Person)-[:FOLLOWS]->(3:Person), (3:Person)-[:FOLLOWS]->(4:Person), (4:Person)-[:FOLLOWS]->(5:Person), (5:Person)-[:FOLLOWS]->(6:Person), (6:Person)-[:FOLLOWS]->(7:Person), (7:Person)-[:FOLLOWS]->(8:Person), (8:Person)-[:FOLLOWS]->(9:Person), (9:Person)-[:FOLLOWS]->(10:Person);
]]></system-out>
  <system-err><![CDATA[]]></system-err>
</testsuite>
