<?xml version="1.0" encoding="UTF-8"?>
<testsuite name="ca.waterloo.dsg.graphflow.query.executors.csp.DistancesTest" tests="1" skipped="0" failures="0" errors="0" timestamp="2021-11-27T19:59:10" hostname="Khaleds-MacBook-Pro.local" time="0.011">
  <properties/>
  <testcase name="testDistances" classname="ca.waterloo.dsg.graphflow.query.executors.csp.DistancesTest" time="0.011"/>
  <system-out><![CDATA[]]></system-out>
  <system-err><![CDATA[]]></system-err>
</testsuite>
