<?xml version="1.0" encoding="UTF-8"?>
<testsuite name="ca.waterloo.dsg.graphflow.graph.TypeAndPropertyKeyStoreTest" tests="8" skipped="0" failures="0" errors="0" timestamp="2021-11-27T19:59:09" hostname="Khaleds-MacBook-Pro.local" time="0.005">
  <properties/>
  <testcase name="testMapStringPropertyKeyValueToShortAndDataTypeOnEmptyKeys" classname="ca.waterloo.dsg.graphflow.graph.TypeAndPropertyKeyStoreTest" time="0.0"/>
  <testcase name="testMapStringPropertyKeyValueToShortAndDataType" classname="ca.waterloo.dsg.graphflow.graph.TypeAndPropertyKeyStoreTest" time="0.003"/>
  <testcase name="testMapStringTypeToShortOrInsertOnEmptyAndNullKeys" classname="ca.waterloo.dsg.graphflow.graph.TypeAndPropertyKeyStoreTest" time="0.0"/>
  <testcase name="testMapStringTypeToShortOrInsert" classname="ca.waterloo.dsg.graphflow.graph.TypeAndPropertyKeyStoreTest" time="0.0"/>
  <testcase name="testMapStringPropertyKeyToShortOnNullKeys" classname="ca.waterloo.dsg.graphflow.graph.TypeAndPropertyKeyStoreTest" time="0.0"/>
  <testcase name="testMapStringPropertyKeyValueToShortAndDataTypeOnNullKeys" classname="ca.waterloo.dsg.graphflow.graph.TypeAndPropertyKeyStoreTest" time="0.001"/>
  <testcase name="testMapStringPropertyKeyToShortOnEmptyKeys" classname="ca.waterloo.dsg.graphflow.graph.TypeAndPropertyKeyStoreTest" time="0.0"/>
  <testcase name="testMapStringTypeToShortOnEmptyAndNullKeys" classname="ca.waterloo.dsg.graphflow.graph.TypeAndPropertyKeyStoreTest" time="0.0"/>
  <system-out><![CDATA[]]></system-out>
  <system-err><![CDATA[]]></system-err>
</testsuite>
