<?xml version="1.0" encoding="UTF-8"?>
<testsuite name="ca.waterloo.dsg.graphflow.query.parser.StructuredQueryParserTest" tests="5" skipped="0" failures="0" errors="0" timestamp="2021-11-27T19:59:09" hostname="Khaleds-MacBook-Pro.local" time="0.04">
  <properties/>
  <testcase name="testParseCreateVerticesQuery" classname="ca.waterloo.dsg.graphflow.query.parser.StructuredQueryParserTest" time="0.007"/>
  <testcase name="testParseCreateEdgesQuery" classname="ca.waterloo.dsg.graphflow.query.parser.StructuredQueryParserTest" time="0.003"/>
  <testcase name="testParseTriangleMatchQuery" classname="ca.waterloo.dsg.graphflow.query.parser.StructuredQueryParserTest" time="0.015"/>
  <testcase name="parseSimpleShortestPathQuery" classname="ca.waterloo.dsg.graphflow.query.parser.StructuredQueryParserTest" time="0.011"/>
  <testcase name="testParseDeleteQuery" classname="ca.waterloo.dsg.graphflow.query.parser.StructuredQueryParserTest" time="0.004"/>
  <system-out><![CDATA[]]></system-out>
  <system-err><![CDATA[]]></system-err>
</testsuite>
