<?xml version="1.0" encoding="UTF-8"?>
<testsuite name="ca.waterloo.dsg.graphflow.util.IntQueueTest" tests="8" skipped="0" failures="0" errors="0" timestamp="2021-11-27T19:59:08" hostname="Khaleds-MacBook-Pro.local" time="0.005">
  <properties/>
  <testcase name="testEnqueueDequeue" classname="ca.waterloo.dsg.graphflow.util.IntQueueTest" time="0.002"/>
  <testcase name="testEnqueueWrapsAroundNextItemIndex" classname="ca.waterloo.dsg.graphflow.util.IntQueueTest" time="0.0"/>
  <testcase name="testEnqueueAdjustsFistAndNextItemIndicesAndSize" classname="ca.waterloo.dsg.graphflow.util.IntQueueTest" time="0.0"/>
  <testcase name="test5Enqueue3Dequeue" classname="ca.waterloo.dsg.graphflow.util.IntQueueTest" time="0.0"/>
  <testcase name="testResizeAdjustsFirstAndNextItemIndicesAndSize" classname="ca.waterloo.dsg.graphflow.util.IntQueueTest" time="0.0"/>
  <testcase name="testDequeueFirstAdjustsFirstAndNextItemIndicesAndSize" classname="ca.waterloo.dsg.graphflow.util.IntQueueTest" time="0.001"/>
  <testcase name="test5Enqueue4Dequeue" classname="ca.waterloo.dsg.graphflow.util.IntQueueTest" time="0.0"/>
  <testcase name="testDequeueLastAdjustsFirstAndNextItemIndicesAndSize" classname="ca.waterloo.dsg.graphflow.util.IntQueueTest" time="0.001"/>
  <system-out><![CDATA[]]></system-out>
  <system-err><![CDATA[]]></system-err>
</testsuite>
