<?xml version="1.0" encoding="UTF-8"?>
<testsuite name="ca.waterloo.dsg.graphflow.graph.SortedAdjacencyListTest" tests="18" skipped="0" failures="0" errors="0" timestamp="2021-11-27T19:59:09" hostname="Khaleds-MacBook-Pro.local" time="0.007">
  <properties/>
  <testcase name="testRemoveNeighbourWithShortNeighbourAndTypeArrays" classname="ca.waterloo.dsg.graphflow.graph.SortedAdjacencyListTest" time="0.0"/>
  <testcase name="testSearchReturnIndex0" classname="ca.waterloo.dsg.graphflow.graph.SortedAdjacencyListTest" time="0.0"/>
  <testcase name="testSearchWithFirstValueOfMultipleTypes" classname="ca.waterloo.dsg.graphflow.graph.SortedAdjacencyListTest" time="0.0"/>
  <testcase name="testSearchWithNonExistentNeighbourType" classname="ca.waterloo.dsg.graphflow.graph.SortedAdjacencyListTest" time="0.0"/>
  <testcase name="testSearchReturnIntMinValueIfNoMatchFoundAndIndex0" classname="ca.waterloo.dsg.graphflow.graph.SortedAdjacencyListTest" time="0.0"/>
  <testcase name="testSearchWithMultipleTypesForSingleEdge" classname="ca.waterloo.dsg.graphflow.graph.SortedAdjacencyListTest" time="0.001"/>
  <testcase name="testSearchWithSmallSizeArrays" classname="ca.waterloo.dsg.graphflow.graph.SortedAdjacencyListTest" time="0.0"/>
  <testcase name="testIntersectionWithEdgeType" classname="ca.waterloo.dsg.graphflow.graph.SortedAdjacencyListTest" time="0.0"/>
  <testcase name="testIntersectionWithIntegerMinReturns" classname="ca.waterloo.dsg.graphflow.graph.SortedAdjacencyListTest" time="0.0"/>
  <testcase name="testSearchWithSingleTypeForSingleEdge" classname="ca.waterloo.dsg.graphflow.graph.SortedAdjacencyListTest" time="0.0"/>
  <testcase name="testCreationAndSortWithTypes" classname="ca.waterloo.dsg.graphflow.graph.SortedAdjacencyListTest" time="0.0"/>
  <testcase name="testSortWithMultipleTypesForSingleEdge" classname="ca.waterloo.dsg.graphflow.graph.SortedAdjacencyListTest" time="0.0"/>
  <testcase name="testSearchForNeighbourIdLargerThanInList" classname="ca.waterloo.dsg.graphflow.graph.SortedAdjacencyListTest" time="0.0"/>
  <testcase name="testSearchWithNonExistentNeighbour" classname="ca.waterloo.dsg.graphflow.graph.SortedAdjacencyListTest" time="0.0"/>
  <testcase name="testGetFilteredNeighbourIds" classname="ca.waterloo.dsg.graphflow.graph.SortedAdjacencyListTest" time="0.001"/>
  <testcase name="testIntersectionWithNoEdgeType" classname="ca.waterloo.dsg.graphflow.graph.SortedAdjacencyListTest" time="0.001"/>
  <testcase name="testSearchReturnIntMinValueIfEdgeTypeDoesNotMatchAndIndex0" classname="ca.waterloo.dsg.graphflow.graph.SortedAdjacencyListTest" time="0.0"/>
  <testcase name="testSearchMatchIndexNotPowerOf2" classname="ca.waterloo.dsg.graphflow.graph.SortedAdjacencyListTest" time="0.0"/>
  <system-out><![CDATA[]]></system-out>
  <system-err><![CDATA[]]></system-err>
</testsuite>
