<?xml version="1.0" encoding="UTF-8"?>
<testsuite name="ca.waterloo.dsg.graphflow.util.SortedIntArrayListTest" tests="2" skipped="0" failures="0" errors="0" timestamp="2021-11-27T19:59:08" hostname="Khaleds-MacBook-Pro.local" time="0.002">
  <properties/>
  <testcase name="testGetIntersection" classname="ca.waterloo.dsg.graphflow.util.SortedIntArrayListTest" time="0.002"/>
  <testcase name="testCreationAndSearch" classname="ca.waterloo.dsg.graphflow.util.SortedIntArrayListTest" time="0.0"/>
  <system-out><![CDATA[]]></system-out>
  <system-err><![CDATA[]]></system-err>
</testsuite>
